#
# There is insufficient memory for the Java Runtime Environment to continue.
# Native memory allocation (mmap) failed to map 37748736 bytes for G1 virtual space
# Possible reasons:
#   The system is out of physical RAM or swap space
#   The process is running with CompressedOops enabled, and the Java Heap may be blocking the growth of the native heap
# Possible solutions:
#   Reduce memory load on the system
#   Increase physical memory or swap space
#   Check if swap backing store is full
#   Decrease Java heap size (-Xmx/-Xms)
#   Decrease number of Java threads
#   Decrease Java thread stack sizes (-Xss)
#   Set larger code cache with -XX:ReservedCodeCacheSize=
#   JVM is running with Zero Based Compressed Oops mode in which the Java heap is
#     placed in the first 32GB address space. The Java Heap base address is the
#     maximum limit for the native heap growth. Please use -XX:HeapBaseMinAddress
#     to set the Java Heap base and to place the Java Heap above 32GB virtual address.
# This output file may be truncated or incomplete.
#
#  Out of Memory Error (os_windows.cpp:3532), pid=128, tid=8728
#
# JRE version: OpenJDK Runtime Environment Temurin-17.0.2+8 (17.0.2+8) (build 17.0.2+8)
# Java VM: OpenJDK 64-Bit Server VM Temurin-17.0.2+8 (17.0.2+8, mixed mode, tiered, compressed oops, compressed class ptrs, g1 gc, windows-amd64)
# No core dump will be written. Minidumps are not enabled by default on client versions of Windows
#

---------------  S U M M A R Y ------------

Command Line: -Xmx4096m -Djava.library.path=C:\Users\luni1\workspace\VoxelEngine\libraries\native\windows -Dfile.encoding=windows-1252 -XX:+ShowCodeDetailsInExceptionMessages org.VoxelTest.main.VoxelTest

Host: Intel(R) Pentium(R) Silver N6000 @ 1.10GHz, 4 cores, 3G,  Windows 10 , 64 bit Build 19041 (10.0.19041.2546)
Time: Thu Jul  6 20:22:32 2023 GMT Summer Time elapsed time: 8.006349 seconds (0d 0h 0m 8s)

---------------  T H R E A D  ---------------

Current thread (0x00000194ffb57d40):  VMThread "VM Thread" [stack: 0x00000049db600000,0x00000049db700000] [id=8728]

Stack: [0x00000049db600000,0x00000049db700000]
Native frames: (J=compiled Java code, j=interpreted, Vv=VM code, C=native code)
V  [jvm.dll+0x67564a]
V  [jvm.dll+0x82fc04]
V  [jvm.dll+0x8313ae]
V  [jvm.dll+0x831a13]
V  [jvm.dll+0x245235]
V  [jvm.dll+0x672539]
V  [jvm.dll+0x666e82]
V  [jvm.dll+0x30401b]
V  [jvm.dll+0x30b566]
V  [jvm.dll+0x35b1fe]
V  [jvm.dll+0x35b42f]
V  [jvm.dll+0x2daf58]
V  [jvm.dll+0x2ddfe6]
V  [jvm.dll+0x2e8698]
V  [jvm.dll+0x31c830]
V  [jvm.dll+0x835ebb]
V  [jvm.dll+0x836bf4]
V  [jvm.dll+0x83710c]
V  [jvm.dll+0x8374e4]
V  [jvm.dll+0x8375b0]
V  [jvm.dll+0x7dff2a]
V  [jvm.dll+0x6744d5]
C  [ucrtbase.dll+0x21bb2]
C  [KERNEL32.DLL+0x17614]
C  [ntdll.dll+0x526a1]

VM_Operation (0x00000049db2ff780): G1Concurrent, mode: safepoint, requested by thread 0x00000194e791de40


---------------  P R O C E S S  ---------------

Threads class SMR info:
_java_thread_list=0x000001948e998ae0, length=16, elements={
0x00000194e78bece0, 0x00000194ffb61790, 0x00000194ffb64f00, 0x00000194ffbd1430,
0x00000194ffbd1de0, 0x00000194ffbd2790, 0x00000194ffbd4150, 0x00000194ffbd4e30,
0x00000194ffbe89f0, 0x00000194ffbed6c0, 0x0000019488946c10, 0x0000019488957460,
0x000001948e6af040, 0x000001948e6e2050, 0x000001948e680840, 0x0000019490b7bce0
}

Java Threads: ( => current thread )
  0x00000194e78bece0 JavaThread "main" [_thread_in_native, id=6168, stack(0x00000049daf00000,0x00000049db000000)]
  0x00000194ffb61790 JavaThread "Reference Handler" daemon [_thread_blocked, id=1552, stack(0x00000049db700000,0x00000049db800000)]
  0x00000194ffb64f00 JavaThread "Finalizer" daemon [_thread_blocked, id=12012, stack(0x00000049db800000,0x00000049db900000)]
  0x00000194ffbd1430 JavaThread "Signal Dispatcher" daemon [_thread_blocked, id=280, stack(0x00000049db900000,0x00000049dba00000)]
  0x00000194ffbd1de0 JavaThread "Attach Listener" daemon [_thread_blocked, id=3924, stack(0x00000049dba00000,0x00000049dbb00000)]
  0x00000194ffbd2790 JavaThread "Service Thread" daemon [_thread_blocked, id=6104, stack(0x00000049dbb00000,0x00000049dbc00000)]
  0x00000194ffbd4150 JavaThread "Monitor Deflation Thread" daemon [_thread_blocked, id=8496, stack(0x00000049dbc00000,0x00000049dbd00000)]
  0x00000194ffbd4e30 JavaThread "C2 CompilerThread0" daemon [_thread_blocked, id=5816, stack(0x00000049dbd00000,0x00000049dbe00000)]
  0x00000194ffbe89f0 JavaThread "C1 CompilerThread0" daemon [_thread_blocked, id=5440, stack(0x00000049dbe00000,0x00000049dbf00000)]
  0x00000194ffbed6c0 JavaThread "Sweeper thread" daemon [_thread_blocked, id=11140, stack(0x00000049dbf00000,0x00000049dc000000)]
  0x0000019488946c10 JavaThread "Notification Thread" daemon [_thread_blocked, id=6088, stack(0x00000049dc000000,0x00000049dc100000)]
  0x0000019488957460 JavaThread "Common-Cleaner" daemon [_thread_blocked, id=5588, stack(0x00000049dc200000,0x00000049dc300000)]
  0x000001948e6af040 JavaThread "Thread-1" [_thread_blocked, id=10028, stack(0x00000049dc900000,0x00000049dca00000)]
  0x000001948e6e2050 JavaThread "Thread-2" [_thread_blocked, id=12220, stack(0x00000049dca00000,0x00000049dcb00000)]
  0x000001948e680840 JavaThread "Thread-3" [_thread_blocked, id=5684, stack(0x00000049dcb00000,0x00000049dcc00000)]
  0x0000019490b7bce0 JavaThread "Java2D Disposer" daemon [_thread_blocked, id=9156, stack(0x00000049dd000000,0x00000049dd100000)]

Other Threads:
=>0x00000194ffb57d40 VMThread "VM Thread" [stack: 0x00000049db600000,0x00000049db700000] [id=8728]
  0x0000019488949500 WatcherThread [stack: 0x00000049dc100000,0x00000049dc200000] [id=6020]
  0x00000194e790bef0 GCTaskThread "GC Thread#0" [stack: 0x00000049db100000,0x00000049db200000] [id=12260]
  0x0000019490976de0 GCTaskThread "GC Thread#1" [stack: 0x00000049dcc00000,0x00000049dcd00000] [id=11144]
  0x000001948e84a8b0 GCTaskThread "GC Thread#2" [stack: 0x00000049dcd00000,0x00000049dce00000] [id=11984]
  0x00000194907c6dd0 GCTaskThread "GC Thread#3" [stack: 0x00000049dce00000,0x00000049dcf00000] [id=12060]
  0x00000194e791de40 ConcurrentGCThread "G1 Main Marker" [stack: 0x00000049db200000,0x00000049db300000] [id=7124]
  0x00000194e791f860 ConcurrentGCThread "G1 Conc#0" [stack: 0x00000049db300000,0x00000049db400000] [id=10732]
  0x00000194e79779f0 ConcurrentGCThread "G1 Refine#0" [stack: 0x00000049db400000,0x00000049db500000] [id=7096]
  0x000001948e703890 ConcurrentGCThread "G1 Refine#1" [stack: 0x00000049dcf00000,0x00000049dd000000] [id=6264]
  0x00000194e7978410 ConcurrentGCThread "G1 Service" [stack: 0x00000049db500000,0x00000049db600000] [id=8308]

Threads with active compile tasks:

VM state: at safepoint (normal execution)

VM Mutex/Monitor currently owned by a thread:  ([mutex/lock_event])
[0x00000194e78b9920] Threads_lock - owner thread: 0x00000194ffb57d40
[0x00000194e78b8720] Heap_lock - owner thread: 0x00000194e791de40

Heap address: 0x0000000700000000, size: 4096 MB, Compressed Oops mode: Zero based, Oop shift amount: 3

CDS archive(s) not mapped
Compressed class space mapped at: 0x0000000800000000-0x0000000840000000, reserved size: 1073741824
Narrow klass base: 0x0000000800000000, Narrow klass shift: 0, Narrow klass range: 0x40000000

GC Precious Log:
 CPUs: 4 total, 4 available
 Memory: 3914M
 Large Page Support: Disabled
 NUMA Support: Disabled
 Compressed Oops: Enabled (Zero based)
 Heap Region Size: 2M
 Heap Min Capacity: 8M
 Heap Initial Capacity: 62M
 Heap Max Capacity: 4G
 Pre-touch: Disabled
 Parallel Workers: 4
 Concurrent Workers: 1
 Concurrent Refinement Workers: 4
 Periodic GC: Disabled

Heap:
 garbage-first heap   total 208896K, used 141903K [0x0000000700000000, 0x0000000800000000)
  region size 2048K, 13 young (26624K), 3 survivors (6144K)
 Metaspace       used 13019K, committed 13184K, reserved 1064960K
  class space    used 1125K, committed 1152K, reserved 1048576K

Heap Regions: E=young(eden), S=young(survivor), O=old, HS=humongous(starts), HC=humongous(continues), CS=collection set, F=free, OA=open archive, CA=closed archive, TAMS=top-at-mark-start (previous, next)
|   0|0x0000000700000000, 0x0000000700200000, 0x0000000700200000|100%| O|  |TAMS 0x0000000700200000, 0x0000000700000000| Updating 
|   1|0x0000000700200000, 0x0000000700400000, 0x0000000700400000|100%| O|  |TAMS 0x0000000700400000, 0x0000000700200000| Updating 
|   2|0x0000000700400000, 0x0000000700600000, 0x0000000700600000|100%| O|  |TAMS 0x0000000700600000, 0x0000000700400000| Updating 
|   3|0x0000000700600000, 0x0000000700800000, 0x0000000700800000|100%| O|  |TAMS 0x0000000700800000, 0x0000000700600000| Updating 
|   4|0x0000000700800000, 0x0000000700a00000, 0x0000000700a00000|100%| O|  |TAMS 0x0000000700a00000, 0x0000000700800000| Updating 
|   5|0x0000000700a00000, 0x0000000700c00000, 0x0000000700c00000|100%| O|  |TAMS 0x0000000700c00000, 0x0000000700a00000| Untracked 
|   6|0x0000000700c00000, 0x0000000700e00000, 0x0000000700e00000|100%| O|  |TAMS 0x0000000700e00000, 0x0000000700c00000| Updating 
|   7|0x0000000700e00000, 0x0000000701000000, 0x0000000701000000|100%| O|  |TAMS 0x0000000701000000, 0x0000000700e00000| Updating 
|   8|0x0000000701000000, 0x0000000701200000, 0x0000000701200000|100%| O|  |TAMS 0x0000000701200000, 0x0000000701000000| Updating 
|   9|0x0000000701200000, 0x0000000701400000, 0x0000000701400000|100%| O|  |TAMS 0x0000000701400000, 0x0000000701200000| Updating 
|  10|0x0000000701400000, 0x0000000701600000, 0x0000000701600000|100%| O|  |TAMS 0x0000000701600000, 0x0000000701400000| Untracked 
|  11|0x0000000701600000, 0x0000000701800000, 0x0000000701800000|100%| O|  |TAMS 0x0000000701800000, 0x0000000701600000| Untracked 
|  12|0x0000000701800000, 0x0000000701a00000, 0x0000000701a00000|100%| O|  |TAMS 0x0000000701a00000, 0x0000000701800000| Untracked 
|  13|0x0000000701a00000, 0x0000000701c00000, 0x0000000701c00000|100%| O|  |TAMS 0x0000000701c00000, 0x0000000701a00000| Untracked 
|  14|0x0000000701c00000, 0x0000000701e00000, 0x0000000701e00000|100%| O|  |TAMS 0x0000000701e00000, 0x0000000701c00000| Updating 
|  15|0x0000000701e00000, 0x0000000702000000, 0x0000000702000000|100%| O|  |TAMS 0x0000000702000000, 0x0000000701e00000| Updating 
|  16|0x0000000702000000, 0x0000000702200000, 0x0000000702200000|100%| O|  |TAMS 0x0000000702200000, 0x0000000702000000| Untracked 
|  17|0x0000000702200000, 0x0000000702400000, 0x0000000702400000|100%| O|  |TAMS 0x0000000702400000, 0x0000000702200000| Untracked 
|  18|0x0000000702400000, 0x0000000702600000, 0x0000000702600000|100%| O|  |TAMS 0x0000000702600000, 0x0000000702400000| Untracked 
|  19|0x0000000702600000, 0x0000000702800000, 0x0000000702800000|100%| O|  |TAMS 0x0000000702800000, 0x0000000702600000| Untracked 
|  20|0x0000000702800000, 0x0000000702a00000, 0x0000000702a00000|100%| O|  |TAMS 0x0000000702a00000, 0x0000000702800000| Updating 
|  21|0x0000000702a00000, 0x0000000702c00000, 0x0000000702c00000|100%| O|  |TAMS 0x0000000702c00000, 0x0000000702a00000| Untracked 
|  22|0x0000000702c00000, 0x0000000702e00000, 0x0000000702e00000|100%| O|  |TAMS 0x0000000702e00000, 0x0000000702c00000| Untracked 
|  23|0x0000000702e00000, 0x0000000703000000, 0x0000000703000000|100%| O|  |TAMS 0x0000000703000000, 0x0000000702e00000| Untracked 
|  24|0x0000000703000000, 0x0000000703200000, 0x0000000703200000|100%| O|  |TAMS 0x0000000703200000, 0x0000000703000000| Untracked 
|  25|0x0000000703200000, 0x0000000703400000, 0x0000000703400000|100%| O|  |TAMS 0x0000000703400000, 0x0000000703200000| Untracked 
|  26|0x0000000703400000, 0x0000000703600000, 0x0000000703600000|100%| O|  |TAMS 0x0000000703600000, 0x0000000703400000| Updating 
|  27|0x0000000703600000, 0x0000000703800000, 0x0000000703800000|100%| O|  |TAMS 0x0000000703800000, 0x0000000703600000| Untracked 
|  28|0x0000000703800000, 0x0000000703a00000, 0x0000000703a00000|100%| O|  |TAMS 0x0000000703a00000, 0x0000000703800000| Untracked 
|  29|0x0000000703a00000, 0x0000000703c00000, 0x0000000703c00000|100%| O|  |TAMS 0x0000000703c00000, 0x0000000703a00000| Untracked 
|  30|0x0000000703c00000, 0x0000000703e00000, 0x0000000703e00000|100%| O|  |TAMS 0x0000000703e00000, 0x0000000703c00000| Updating 
|  31|0x0000000703e00000, 0x0000000704000000, 0x0000000704000000|100%| O|  |TAMS 0x0000000704000000, 0x0000000703e00000| Updating 
|  32|0x0000000704000000, 0x0000000704200000, 0x0000000704200000|100%| O|  |TAMS 0x0000000704200000, 0x0000000704000000| Untracked 
|  33|0x0000000704200000, 0x0000000704400000, 0x0000000704400000|100%| O|  |TAMS 0x0000000704400000, 0x0000000704200000| Updating 
|  34|0x0000000704400000, 0x0000000704600000, 0x0000000704600000|100%| O|  |TAMS 0x0000000704600000, 0x0000000704400000| Updating 
|  35|0x0000000704600000, 0x0000000704800000, 0x0000000704800000|100%| O|  |TAMS 0x0000000704800000, 0x0000000704600000| Updating 
|  36|0x0000000704800000, 0x0000000704a00000, 0x0000000704a00000|100%| O|  |TAMS 0x0000000704a00000, 0x0000000704800000| Updating 
|  37|0x0000000704a00000, 0x0000000704c00000, 0x0000000704c00000|100%| O|  |TAMS 0x0000000704c00000, 0x0000000704a00000| Updating 
|  38|0x0000000704c00000, 0x0000000704e00000, 0x0000000704e00000|100%| O|  |TAMS 0x0000000704e00000, 0x0000000704c00000| Untracked 
|  39|0x0000000704e00000, 0x0000000705000000, 0x0000000705000000|100%| O|  |TAMS 0x0000000705000000, 0x0000000704e00000| Untracked 
|  40|0x0000000705000000, 0x0000000705200000, 0x0000000705200000|100%| O|  |TAMS 0x0000000705200000, 0x0000000705000000| Untracked 
|  41|0x0000000705200000, 0x0000000705400000, 0x0000000705400000|100%| O|  |TAMS 0x0000000705400000, 0x0000000705200000| Updating 
|  42|0x0000000705400000, 0x0000000705600000, 0x0000000705600000|100%| O|  |TAMS 0x0000000705600000, 0x0000000705400000| Updating 
|  43|0x0000000705600000, 0x0000000705800000, 0x0000000705800000|100%| O|  |TAMS 0x0000000705800000, 0x0000000705600000| Untracked 
|  44|0x0000000705800000, 0x0000000705a00000, 0x0000000705a00000|100%| O|  |TAMS 0x0000000705a00000, 0x0000000705800000| Untracked 
|  45|0x0000000705a00000, 0x0000000705c00000, 0x0000000705c00000|100%| O|  |TAMS 0x0000000705c00000, 0x0000000705a00000| Untracked 
|  46|0x0000000705c00000, 0x0000000705e00000, 0x0000000705e00000|100%| O|  |TAMS 0x0000000705e00000, 0x0000000705c00000| Untracked 
|  47|0x0000000705e00000, 0x0000000706000000, 0x0000000706000000|100%| O|  |TAMS 0x0000000706000000, 0x0000000705e00000| Untracked 
|  48|0x0000000706000000, 0x0000000706200000, 0x0000000706200000|100%| O|  |TAMS 0x0000000706200000, 0x0000000706000000| Untracked 
|  49|0x0000000706200000, 0x0000000706400000, 0x0000000706400000|100%| O|  |TAMS 0x0000000706400000, 0x0000000706200000| Untracked 
|  50|0x0000000706400000, 0x0000000706600000, 0x0000000706600000|100%| O|  |TAMS 0x0000000706600000, 0x0000000706400000| Updating 
|  51|0x0000000706600000, 0x0000000706800000, 0x0000000706800000|100%| O|  |TAMS 0x0000000706800000, 0x0000000706600000| Updating 
|  52|0x0000000706800000, 0x0000000706a00000, 0x0000000706a00000|100%| O|  |TAMS 0x0000000706800000, 0x0000000706800000| Untracked 
|  53|0x0000000706a00000, 0x0000000706c00000, 0x0000000706c00000|100%| O|  |TAMS 0x0000000706a00000, 0x0000000706a00000| Untracked 
|  54|0x0000000706c00000, 0x0000000706e00000, 0x0000000706e00000|100%| O|  |TAMS 0x0000000706c00000, 0x0000000706c00000| Untracked 
|  55|0x0000000706e00000, 0x0000000707000000, 0x0000000707000000|100%| O|  |TAMS 0x0000000706e00000, 0x0000000706e00000| Untracked 
|  56|0x0000000707000000, 0x0000000707200000, 0x0000000707200000|100%| O|  |TAMS 0x0000000707000000, 0x0000000707000000| Untracked 
|  57|0x0000000707200000, 0x0000000707400000, 0x0000000707400000|100%| O|  |TAMS 0x0000000707200000, 0x0000000707200000| Untracked 
|  58|0x0000000707400000, 0x0000000707493c00, 0x0000000707600000| 28%| O|  |TAMS 0x0000000707400000, 0x0000000707400000| Updating 
|  59|0x0000000707600000, 0x0000000707600000, 0x0000000707800000|  0%| F|  |TAMS 0x0000000707600000, 0x0000000707600000| Untracked 
|  60|0x0000000707800000, 0x0000000707800000, 0x0000000707a00000|  0%| F|  |TAMS 0x0000000707800000, 0x0000000707800000| Untracked 
|  61|0x0000000707a00000, 0x0000000707a00000, 0x0000000707c00000|  0%| F|  |TAMS 0x0000000707a00000, 0x0000000707a00000| Untracked 
|  62|0x0000000707c00000, 0x0000000707c00000, 0x0000000707e00000|  0%| F|  |TAMS 0x0000000707c00000, 0x0000000707c00000| Untracked 
|  63|0x0000000707e00000, 0x0000000707e00000, 0x0000000708000000|  0%| F|  |TAMS 0x0000000707e00000, 0x0000000707e00000| Untracked 
|  64|0x0000000708000000, 0x0000000708000000, 0x0000000708200000|  0%| F|  |TAMS 0x0000000708000000, 0x0000000708000000| Untracked 
|  65|0x0000000708200000, 0x0000000708200000, 0x0000000708400000|  0%| F|  |TAMS 0x0000000708200000, 0x0000000708200000| Untracked 
|  66|0x0000000708400000, 0x0000000708400000, 0x0000000708600000|  0%| F|  |TAMS 0x0000000708400000, 0x0000000708400000| Untracked 
|  67|0x0000000708600000, 0x0000000708600000, 0x0000000708800000|  0%| F|  |TAMS 0x0000000708600000, 0x0000000708600000| Untracked 
|  68|0x0000000708800000, 0x0000000708800000, 0x0000000708a00000|  0%| F|  |TAMS 0x0000000708800000, 0x0000000708800000| Untracked 
|  69|0x0000000708a00000, 0x0000000708a00000, 0x0000000708c00000|  0%| F|  |TAMS 0x0000000708a00000, 0x0000000708a00000| Untracked 
|  70|0x0000000708c00000, 0x0000000708c00000, 0x0000000708e00000|  0%| F|  |TAMS 0x0000000708c00000, 0x0000000708c00000| Untracked 
|  71|0x0000000708e00000, 0x0000000708e00000, 0x0000000709000000|  0%| F|  |TAMS 0x0000000708e00000, 0x0000000708e00000| Untracked 
|  72|0x0000000709000000, 0x0000000709000000, 0x0000000709200000|  0%| F|  |TAMS 0x0000000709000000, 0x0000000709000000| Untracked 
|  73|0x0000000709200000, 0x0000000709200000, 0x0000000709400000|  0%| F|  |TAMS 0x0000000709200000, 0x0000000709200000| Untracked 
|  74|0x0000000709400000, 0x0000000709400000, 0x0000000709600000|  0%| F|  |TAMS 0x0000000709400000, 0x0000000709400000| Untracked 
|  75|0x0000000709600000, 0x0000000709600000, 0x0000000709800000|  0%| F|  |TAMS 0x0000000709600000, 0x0000000709600000| Untracked 
|  76|0x0000000709800000, 0x0000000709800000, 0x0000000709a00000|  0%| F|  |TAMS 0x0000000709800000, 0x0000000709800000| Untracked 
|  77|0x0000000709a00000, 0x0000000709a00000, 0x0000000709c00000|  0%| F|  |TAMS 0x0000000709a00000, 0x0000000709a00000| Untracked 
|  78|0x0000000709c00000, 0x0000000709c00000, 0x0000000709e00000|  0%| F|  |TAMS 0x0000000709c00000, 0x0000000709c00000| Untracked 
|  79|0x0000000709e00000, 0x0000000709e00000, 0x000000070a000000|  0%| F|  |TAMS 0x0000000709e00000, 0x0000000709e00000| Untracked 
|  80|0x000000070a000000, 0x000000070a000000, 0x000000070a200000|  0%| F|  |TAMS 0x000000070a000000, 0x000000070a000000| Untracked 
|  81|0x000000070a200000, 0x000000070a200000, 0x000000070a400000|  0%| F|  |TAMS 0x000000070a200000, 0x000000070a200000| Untracked 
|  82|0x000000070a400000, 0x000000070a400000, 0x000000070a600000|  0%| F|  |TAMS 0x000000070a400000, 0x000000070a400000| Untracked 
|  83|0x000000070a600000, 0x000000070a600000, 0x000000070a800000|  0%| F|  |TAMS 0x000000070a600000, 0x000000070a600000| Untracked 
|  84|0x000000070a800000, 0x000000070aa00000, 0x000000070aa00000|100%| S|CS|TAMS 0x000000070a800000, 0x000000070a800000| Complete 
|  85|0x000000070aa00000, 0x000000070ac00000, 0x000000070ac00000|100%| S|CS|TAMS 0x000000070aa00000, 0x000000070aa00000| Complete 
|  86|0x000000070ac00000, 0x000000070ae00000, 0x000000070ae00000|100%| S|CS|TAMS 0x000000070ac00000, 0x000000070ac00000| Complete 
|  87|0x000000070ae00000, 0x000000070ae00000, 0x000000070b000000|  0%| F|  |TAMS 0x000000070ae00000, 0x000000070ae00000| Untracked 
|  88|0x000000070b000000, 0x000000070b000000, 0x000000070b200000|  0%| F|  |TAMS 0x000000070b000000, 0x000000070b000000| Untracked 
|  89|0x000000070b200000, 0x000000070b200000, 0x000000070b400000|  0%| F|  |TAMS 0x000000070b200000, 0x000000070b200000| Untracked 
|  90|0x000000070b400000, 0x000000070b400000, 0x000000070b600000|  0%| F|  |TAMS 0x000000070b400000, 0x000000070b400000| Untracked 
|  91|0x000000070b600000, 0x000000070b600000, 0x000000070b800000|  0%| F|  |TAMS 0x000000070b600000, 0x000000070b600000| Untracked 
|  92|0x000000070b800000, 0x000000070b8ceeb0, 0x000000070ba00000| 40%| E|  |TAMS 0x000000070b800000, 0x000000070b800000| Complete 
|  93|0x000000070ba00000, 0x000000070bbe0e20, 0x000000070bc00000| 93%| E|  |TAMS 0x000000070ba00000, 0x000000070ba00000| Complete 
|  94|0x000000070bc00000, 0x000000070be00000, 0x000000070be00000|100%| E|CS|TAMS 0x000000070bc00000, 0x000000070bc00000| Complete 
|  95|0x000000070be00000, 0x000000070c000000, 0x000000070c000000|100%| E|CS|TAMS 0x000000070be00000, 0x000000070be00000| Complete 
|  96|0x000000070c000000, 0x000000070c200000, 0x000000070c200000|100%| E|CS|TAMS 0x000000070c000000, 0x000000070c000000| Complete 
|  97|0x000000070c200000, 0x000000070c400000, 0x000000070c400000|100%| E|CS|TAMS 0x000000070c200000, 0x000000070c200000| Complete 
|  98|0x000000070c400000, 0x000000070c600000, 0x000000070c600000|100%| E|CS|TAMS 0x000000070c400000, 0x000000070c400000| Complete 
|  99|0x000000070c600000, 0x000000070c800000, 0x000000070c800000|100%| E|CS|TAMS 0x000000070c600000, 0x000000070c600000| Complete 
| 100|0x000000070c800000, 0x000000070ca00000, 0x000000070ca00000|100%| E|CS|TAMS 0x000000070c800000, 0x000000070c800000| Complete 
| 101|0x000000070ca00000, 0x000000070cc00000, 0x000000070cc00000|100%| E|CS|TAMS 0x000000070ca00000, 0x000000070ca00000| Complete 

Card table byte_map: [0x00000194fc5b0000,0x00000194fcdb0000] _byte_map_base: 0x00000194f8db0000

Marking Bits (Prev, Next): (CMBitMap*) 0x00000194e790d550, (CMBitMap*) 0x00000194e790d510
 Prev Bits: [0x0000019484000000, 0x0000019488000000)
 Next Bits: [0x0000019480000000, 0x0000019484000000)

Polling page: 0x00000194e7720000

Metaspace:

Usage:
  Non-class:     11.62 MB used.
      Class:      1.10 MB used.
       Both:     12.71 MB used.

Virtual space:
  Non-class space:       16.00 MB reserved,      11.75 MB ( 73%) committed,  2 nodes.
      Class space:        1.00 GB reserved,       1.12 MB ( <1%) committed,  1 nodes.
             Both:        1.02 GB reserved,      12.88 MB (  1%) committed. 

Chunk freelists:
   Non-Class:  255.00 KB
       Class:  2.75 MB
        Both:  3.00 MB

MaxMetaspaceSize: unlimited
CompressedClassSpaceSize: 1.00 GB
Initial GC threshold: 21.00 MB
Current GC threshold: 21.00 MB
CDS: off
MetaspaceReclaimPolicy: balanced
 - commit_granule_bytes: 65536.
 - commit_granule_words: 8192.
 - virtual_space_node_default_size: 1048576.
 - enlarge_chunks_in_place: 1.
 - new_chunks_are_fully_committed: 0.
 - uncommit_free_chunks: 1.
 - use_allocation_guard: 0.
 - handle_deallocations: 1.


Internal statistics:

num_allocs_failed_limit: 0.
num_arena_births: 68.
num_arena_deaths: 0.
num_vsnodes_births: 3.
num_vsnodes_deaths: 0.
num_space_committed: 204.
num_space_uncommitted: 0.
num_chunks_returned_to_freelist: 0.
num_chunks_taken_from_freelist: 147.
num_chunk_merges: 0.
num_chunk_splits: 89.
num_chunks_enlarged: 55.
num_purges: 0.
num_inconsistent_stats: 0.

CodeHeap 'non-profiled nmethods': size=120000Kb used=472Kb max_used=472Kb free=119527Kb
 bounds [0x00000194f4260000, 0x00000194f44d0000, 0x00000194fb790000]
CodeHeap 'profiled nmethods': size=120000Kb used=1482Kb max_used=1482Kb free=118518Kb
 bounds [0x00000194ecd30000, 0x00000194ecfa0000, 0x00000194f4260000]
CodeHeap 'non-nmethods': size=5760Kb used=1282Kb max_used=1297Kb free=4477Kb
 bounds [0x00000194ec790000, 0x00000194eca00000, 0x00000194ecd30000]
 total_blobs=1514 nmethods=897 adapters=531
 compilation: enabled
              stopped_count=0, restarted_count=0
 full_count=0

Compilation events (20 events):
Event: 7.293 Thread 0x00000194ffbe89f0  893 %     3       sun.java2d.loops.OpaqueCopyAnyToArgb::Blit @ 163 (234 bytes)
Event: 7.295 Thread 0x00000194ffbe89f0 nmethod 893% 0x00000194ece93490 code [0x00000194ece93740, 0x00000194ece94ab8]
Event: 7.295 Thread 0x00000194ffbe89f0  894       3       sun.awt.image.SunWritableRaster::markDirty (8 bytes)
Event: 7.296 Thread 0x00000194ffbe89f0 nmethod 894 0x00000194ece95390 code [0x00000194ece95520, 0x00000194ece956b8]
Event: 7.296 Thread 0x00000194ffbe89f0  897       3       sun.awt.image.ByteInterleavedRaster::setDataElements (116 bytes)
Event: 7.296 Thread 0x00000194ffbe89f0 nmethod 897 0x00000194ece95790 code [0x00000194ece95980, 0x00000194ece95fa8]
Event: 7.296 Thread 0x00000194ffbe89f0  896       3       java.awt.image.ComponentColorModel::getDataElements (3175 bytes)
Event: 7.299 Thread 0x00000194ffbd4e30  898       4       sun.awt.image.ByteInterleavedRaster::setDataElements (116 bytes)
Event: 7.306 Thread 0x00000194ffbe89f0 nmethod 896 0x00000194ece96210 code [0x00000194ece96d40, 0x00000194ece9c008]
Event: 7.306 Thread 0x00000194ffbe89f0  895       2       sun.java2d.StateTrackableDelegate::markDirty (6 bytes)
Event: 7.306 Thread 0x00000194ffbe89f0 nmethod 895 0x00000194ece9e390 code [0x00000194ece9e520, 0x00000194ece9e658]
Event: 7.311 Thread 0x00000194ffbd4e30 nmethod 898 0x00000194f42d4d10 code [0x00000194f42d4ea0, 0x00000194f42d5218]
Event: 7.312 Thread 0x00000194ffbd4e30  899       4       java.awt.image.ComponentColorModel::getDataElements (3175 bytes)
Event: 7.313 Thread 0x00000194ffbe89f0  900       3       java.util.ArrayList::grow (60 bytes)
Event: 7.314 Thread 0x00000194ffbe89f0 nmethod 900 0x00000194ece9e710 code [0x00000194ece9e900, 0x00000194ece9ef78]
Event: 7.318 Thread 0x00000194ffbe89f0  901 %     3       sun.java2d.loops.OpaqueCopyArgbToAny::Blit @ 172 (232 bytes)
Event: 7.321 Thread 0x00000194ffbe89f0 nmethod 901% 0x00000194ece9f190 code [0x00000194ece9f440, 0x00000194ecea0758]
Event: 7.321 Thread 0x00000194ffbe89f0  902       3       sun.java2d.loops.OpaqueCopyArgbToAny::Blit (232 bytes)
Event: 7.323 Thread 0x00000194ffbe89f0 nmethod 902 0x00000194ecea0f90 code [0x00000194ecea1220, 0x00000194ecea2138]
Event: 7.327 Thread 0x00000194ffbd4e30 nmethod 899 0x00000194f42d5490 code [0x00000194f42d5640, 0x00000194f42d5c18]

GC Heap History (20 events):
Event: 2.826 GC heap before
{Heap before GC invocations=2 (full 0):
 garbage-first heap   total 63488K, used 20673K [0x0000000700000000, 0x0000000800000000)
  region size 2048K, 6 young (12288K), 1 survivors (2048K)
 Metaspace       used 9615K, committed 9792K, reserved 1064960K
  class space    used 773K, committed 832K, reserved 1048576K
}
Event: 2.837 GC heap after
{Heap after GC invocations=3 (full 0):
 garbage-first heap   total 63488K, used 14840K [0x0000000700000000, 0x0000000800000000)
  region size 2048K, 1 young (2048K), 1 survivors (2048K)
 Metaspace       used 9615K, committed 9792K, reserved 1064960K
  class space    used 773K, committed 832K, reserved 1048576K
}
Event: 2.967 GC heap before
{Heap before GC invocations=3 (full 0):
 garbage-first heap   total 63488K, used 27128K [0x0000000700000000, 0x0000000800000000)
  region size 2048K, 8 young (16384K), 1 survivors (2048K)
 Metaspace       used 9803K, committed 9920K, reserved 1064960K
  class space    used 794K, committed 832K, reserved 1048576K
}
Event: 2.973 GC heap after
{Heap after GC invocations=4 (full 0):
 garbage-first heap   total 63488K, used 17363K [0x0000000700000000, 0x0000000800000000)
  region size 2048K, 1 young (2048K), 1 survivors (2048K)
 Metaspace       used 9803K, committed 9920K, reserved 1064960K
  class space    used 794K, committed 832K, reserved 1048576K
}
Event: 3.111 GC heap before
{Heap before GC invocations=4 (full 0):
 garbage-first heap   total 63488K, used 35795K [0x0000000700000000, 0x0000000800000000)
  region size 2048K, 11 young (22528K), 1 survivors (2048K)
 Metaspace       used 10220K, committed 10304K, reserved 1064960K
  class space    used 843K, committed 896K, reserved 1048576K
}
Event: 3.129 GC heap after
{Heap after GC invocations=5 (full 0):
 garbage-first heap   total 126976K, used 26117K [0x0000000700000000, 0x0000000800000000)
  region size 2048K, 2 young (4096K), 2 survivors (4096K)
 Metaspace       used 10220K, committed 10304K, reserved 1064960K
  class space    used 843K, committed 896K, reserved 1048576K
}
Event: 4.468 GC heap before
{Heap before GC invocations=5 (full 0):
 garbage-first heap   total 126976K, used 58885K [0x0000000700000000, 0x0000000800000000)
  region size 2048K, 19 young (38912K), 2 survivors (4096K)
 Metaspace       used 10546K, committed 10688K, reserved 1064960K
  class space    used 883K, committed 960K, reserved 1048576K
}
Event: 4.496 GC heap after
{Heap after GC invocations=6 (full 0):
 garbage-first heap   total 126976K, used 35169K [0x0000000700000000, 0x0000000800000000)
  region size 2048K, 3 young (6144K), 3 survivors (6144K)
 Metaspace       used 10546K, committed 10688K, reserved 1064960K
  class space    used 883K, committed 960K, reserved 1048576K
}
Event: 5.186 GC heap before
{Heap before GC invocations=6 (full 0):
 garbage-first heap   total 126976K, used 67937K [0x0000000700000000, 0x0000000800000000)
  region size 2048K, 20 young (40960K), 3 survivors (6144K)
 Metaspace       used 11095K, committed 11264K, reserved 1064960K
  class space    used 936K, committed 1024K, reserved 1048576K
}
Event: 5.212 GC heap after
{Heap after GC invocations=7 (full 0):
 garbage-first heap   total 126976K, used 48109K [0x0000000700000000, 0x0000000800000000)
  region size 2048K, 3 young (6144K), 3 survivors (6144K)
 Metaspace       used 11095K, committed 11264K, reserved 1064960K
  class space    used 936K, committed 1024K, reserved 1048576K
}
Event: 5.523 GC heap before
{Heap before GC invocations=7 (full 0):
 garbage-first heap   total 126976K, used 76781K [0x0000000700000000, 0x0000000800000000)
  region size 2048K, 18 young (36864K), 3 survivors (6144K)
 Metaspace       used 11100K, committed 11264K, reserved 1064960K
  class space    used 938K, committed 1024K, reserved 1048576K
}
Event: 5.544 GC heap after
{Heap after GC invocations=8 (full 0):
 garbage-first heap   total 126976K, used 60284K [0x0000000700000000, 0x0000000800000000)
  region size 2048K, 3 young (6144K), 3 survivors (6144K)
 Metaspace       used 11100K, committed 11264K, reserved 1064960K
  class space    used 938K, committed 1024K, reserved 1048576K
}
Event: 5.985 GC heap before
{Heap before GC invocations=8 (full 0):
 garbage-first heap   total 126976K, used 80764K [0x0000000700000000, 0x0000000800000000)
  region size 2048K, 14 young (28672K), 3 survivors (6144K)
 Metaspace       used 11100K, committed 11264K, reserved 1064960K
  class space    used 938K, committed 1024K, reserved 1048576K
}
Event: 6.001 GC heap after
{Heap after GC invocations=9 (full 0):
 garbage-first heap   total 208896K, used 68848K [0x0000000700000000, 0x0000000800000000)
  region size 2048K, 2 young (4096K), 2 survivors (4096K)
 Metaspace       used 11100K, committed 11264K, reserved 1064960K
  class space    used 938K, committed 1024K, reserved 1048576K
}
Event: 6.865 GC heap before
{Heap before GC invocations=9 (full 0):
 garbage-first heap   total 208896K, used 126192K [0x0000000700000000, 0x0000000800000000)
  region size 2048K, 31 young (63488K), 2 survivors (4096K)
 Metaspace       used 11994K, committed 12160K, reserved 1064960K
  class space    used 1029K, committed 1088K, reserved 1048576K
}
Event: 6.914 GC heap after
{Heap after GC invocations=10 (full 0):
 garbage-first heap   total 208896K, used 93197K [0x0000000700000000, 0x0000000800000000)
  region size 2048K, 4 young (8192K), 4 survivors (8192K)
 Metaspace       used 11994K, committed 12160K, reserved 1064960K
  class space    used 1029K, committed 1088K, reserved 1048576K
}
Event: 7.124 GC heap before
{Heap before GC invocations=10 (full 0):
 garbage-first heap   total 208896K, used 134157K [0x0000000700000000, 0x0000000800000000)
  region size 2048K, 25 young (51200K), 4 survivors (8192K)
 Metaspace       used 12882K, committed 13056K, reserved 1064960K
  class space    used 1111K, committed 1152K, reserved 1048576K
}
Event: 7.158 GC heap after
{Heap after GC invocations=11 (full 0):
 garbage-first heap   total 208896K, used 114688K [0x0000000700000000, 0x0000000800000000)
  region size 2048K, 4 young (8192K), 4 survivors (8192K)
 Metaspace       used 12882K, committed 13056K, reserved 1064960K
  class space    used 1111K, committed 1152K, reserved 1048576K
}
Event: 7.584 GC heap before
{Heap before GC invocations=11 (full 0):
 garbage-first heap   total 208896K, used 143360K [0x0000000700000000, 0x0000000800000000)
  region size 2048K, 19 young (38912K), 4 survivors (8192K)
 Metaspace       used 13018K, committed 13184K, reserved 1064960K
  class space    used 1125K, committed 1152K, reserved 1048576K
}
Event: 7.602 GC heap after
{Heap after GC invocations=12 (full 0):
 garbage-first heap   total 208896K, used 125519K [0x0000000700000000, 0x0000000800000000)
  region size 2048K, 3 young (6144K), 3 survivors (6144K)
 Metaspace       used 13018K, committed 13184K, reserved 1064960K
  class space    used 1125K, committed 1152K, reserved 1048576K
}

Deoptimization events (20 events):
Event: 6.376 Thread 0x00000194e78bece0 DEOPT PACKING pc=0x00000194f42cb084 sp=0x00000049daffd500
Event: 6.376 Thread 0x00000194e78bece0 DEOPT UNPACKING pc=0x00000194ec7e239d sp=0x00000049daffd4a0 mode 2
Event: 6.376 Thread 0x00000194e78bece0 Uncommon trap: trap_request=0xffffff45 fr.pc=0x00000194f4296d00 relative=0x00000000000003e0
Event: 6.376 Thread 0x00000194e78bece0 Uncommon trap: reason=unstable_if action=reinterpret pc=0x00000194f4296d00 method=java.lang.AbstractStringBuilder.putStringAt(ILjava/lang/String;II)V @ 8 c2
Event: 6.376 Thread 0x00000194e78bece0 DEOPT PACKING pc=0x00000194f4296d00 sp=0x00000049daffd490
Event: 6.376 Thread 0x00000194e78bece0 DEOPT UNPACKING pc=0x00000194ec7e239d sp=0x00000049daffd328 mode 2
Event: 6.377 Thread 0x00000194e78bece0 Uncommon trap: trap_request=0xffffff45 fr.pc=0x00000194f4283e3c relative=0x000000000000031c
Event: 6.377 Thread 0x00000194e78bece0 Uncommon trap: reason=unstable_if action=reinterpret pc=0x00000194f4283e3c method=java.lang.AbstractStringBuilder.isLatin1()Z @ 10 c2
Event: 6.377 Thread 0x00000194e78bece0 DEOPT PACKING pc=0x00000194f4283e3c sp=0x00000049daffd4b0
Event: 6.377 Thread 0x00000194e78bece0 DEOPT UNPACKING pc=0x00000194ec7e239d sp=0x00000049daffd430 mode 2
Event: 7.168 Thread 0x000001948e680840 Uncommon trap: trap_request=0xffffff45 fr.pc=0x00000194f42adb00 relative=0x0000000000000ec0
Event: 7.168 Thread 0x000001948e680840 Uncommon trap: reason=unstable_if action=reinterpret pc=0x00000194f42adb00 method=org.VoxelTest.entities.Camera$1.run()V @ 133 c2
Event: 7.168 Thread 0x000001948e680840 DEOPT PACKING pc=0x00000194f42adb00 sp=0x00000049dcbff510
Event: 7.168 Thread 0x000001948e680840 DEOPT UNPACKING pc=0x00000194ec7e239d sp=0x00000049dcbff500 mode 2
Event: 7.171 Thread 0x000001948e680840 Uncommon trap: trap_request=0xffffff45 fr.pc=0x00000194f42a2434 relative=0x0000000000000ef4
Event: 7.171 Thread 0x000001948e680840 Uncommon trap: reason=unstable_if action=reinterpret pc=0x00000194f42a2434 method=org.VoxelTest.entities.Camera$1.run()V @ 133 c2
Event: 7.171 Thread 0x000001948e680840 DEOPT PACKING pc=0x00000194f42a2434 sp=0x00000049dcbff510
Event: 7.171 Thread 0x000001948e680840 DEOPT UNPACKING pc=0x00000194ec7e239d sp=0x00000049dcbff500 mode 2
Event: 7.321 Thread 0x000001948e680840 DEOPT PACKING pc=0x00000194ece8c58a sp=0x00000049dcbff4f0
Event: 7.321 Thread 0x000001948e680840 DEOPT UNPACKING pc=0x00000194ec7e2b24 sp=0x00000049dcbfe9e8 mode 0

Classes unloaded (0 events):
No events

Classes redefined (0 events):
No events

Internal exceptions (6 events):
Event: 2.791 Thread 0x00000194e78bece0 Exception <a 'java/lang/ClassNotFoundException'{0x0000000703c0cce0}: sun/awt/resources/spi/awtProvider> (0x0000000703c0cce0) 
thrown [e:\jenkins\tmp\workspace\build\src\src\hotspot\share\classfile\systemDictionary.cpp, line 256]
Event: 2.937 Thread 0x00000194e78bece0 Exception <a 'java/io/FileNotFoundException'{0x00000007036f75a0}> (0x00000007036f75a0) 
thrown [e:\jenkins\tmp\workspace\build\src\src\hotspot\share\prims\jni.cpp, line 516]
Event: 2.985 Thread 0x00000194e78bece0 Exception <a 'java/io/FileNotFoundException'{0x0000000703c14c98}> (0x0000000703c14c98) 
thrown [e:\jenkins\tmp\workspace\build\src\src\hotspot\share\prims\jni.cpp, line 516]
Event: 4.300 Thread 0x00000194e78bece0 Exception <a 'java/lang/NoSuchMethodError'{0x0000000705bcd458}: 'java.lang.Object java.lang.invoke.DirectMethodHandle$Holder.invokeStaticInit(java.lang.Object, int, int, int, int)'> (0x0000000705bcd458) 
thrown [e:\jenkins\tmp\workspace\build\src\src\hotspot\share\interpreter\linkResolver.cpp, line 766]
Event: 6.383 Thread 0x00000194e78bece0 Exception <a 'java/lang/NoSuchMethodError'{0x000000070b4ebfe0}: 'java.lang.Object java.lang.invoke.DirectMethodHandle$Holder.invokeStaticInit(java.lang.Object, java.lang.Object, int, int, int, int)'> (0x000000070b4ebfe0) 
thrown [e:\jenkins\tmp\workspace\build\src\src\hotspot\share\interpreter\linkResolver.cpp, line 766]
Event: 6.550 Thread 0x00000194e78bece0 Exception <a 'java/lang/NoSuchMethodError'{0x000000070a9f54f0}: 'java.lang.Object java.lang.invoke.DirectMethodHandle$Holder.invokeStaticInit(java.lang.Object)'> (0x000000070a9f54f0) 
thrown [e:\jenkins\tmp\workspace\build\src\src\hotspot\share\interpreter\linkResolver.cpp, line 766]

VM Operations (20 events):
Event: 3.314 Executing VM operation: HandshakeAllThreads done
Event: 4.316 Executing VM operation: Cleanup
Event: 4.466 Executing VM operation: Cleanup done
Event: 4.467 Executing VM operation: G1CollectForAllocation
Event: 4.498 Executing VM operation: G1CollectForAllocation done
Event: 4.882 Executing VM operation: HandshakeAllThreads
Event: 5.044 Executing VM operation: HandshakeAllThreads done
Event: 5.118 Executing VM operation: G1CollectForAllocation
Event: 5.213 Executing VM operation: G1CollectForAllocation done
Event: 5.523 Executing VM operation: G1CollectForAllocation
Event: 5.566 Executing VM operation: G1CollectForAllocation done
Event: 5.877 Executing VM operation: G1CollectForAllocation
Event: 6.008 Executing VM operation: G1CollectForAllocation done
Event: 6.781 Executing VM operation: G1CollectForAllocation
Event: 6.914 Executing VM operation: G1CollectForAllocation done
Event: 7.124 Executing VM operation: G1CollectForAllocation
Event: 7.159 Executing VM operation: G1CollectForAllocation done
Event: 7.342 Executing VM operation: G1CollectForAllocation
Event: 7.619 Executing VM operation: G1CollectForAllocation done
Event: 7.927 Executing VM operation: G1Concurrent

Events (20 events):
Event: 7.165 loading class sun/awt/image/BufferedImageDevice
Event: 7.165 loading class java/awt/GraphicsDevice
Event: 7.166 loading class java/awt/GraphicsDevice done
Event: 7.166 loading class sun/awt/image/BufferedImageDevice done
Event: 7.166 loading class java/awt/image/MultiResolutionImage
Event: 7.166 loading class java/awt/image/MultiResolutionImage done
Event: 7.167 loading class sun/awt/image/ToolkitImage
Event: 7.167 loading class sun/awt/image/ToolkitImage done
Event: 7.167 loading class sun/java2d/DefaultDisposerRecord
Event: 7.167 loading class sun/java2d/DefaultDisposerRecord done
Event: 7.168 loading class java/awt/image/DataBufferInt
Event: 7.168 loading class java/awt/image/DataBufferInt done
Event: 7.168 loading class java/awt/image/SinglePixelPackedSampleModel
Event: 7.169 loading class java/awt/image/SinglePixelPackedSampleModel done
Event: 7.170 loading class sun/awt/image/IntegerInterleavedRaster
Event: 7.170 loading class sun/awt/image/IntegerInterleavedRaster done
Event: 7.173 loading class sun/java2d/pipe/RegionSpanIterator
Event: 7.173 loading class sun/java2d/pipe/SpanIterator
Event: 7.173 loading class sun/java2d/pipe/SpanIterator done
Event: 7.173 loading class sun/java2d/pipe/RegionSpanIterator done


Dynamic libraries:
0x00007ff6d0f00000 - 0x00007ff6d0f0e000 	C:\Users\luni1\.p2\pool\plugins\org.eclipse.justj.openjdk.hotspot.jre.full.win32.x86_64_17.0.2.v20220201-1208\jre\bin\javaw.exe
0x00007fff42fd0000 - 0x00007fff431c8000 	C:\windows\SYSTEM32\ntdll.dll
0x00007fff41bb0000 - 0x00007fff41c6f000 	C:\windows\System32\KERNEL32.DLL
0x00007fff40930000 - 0x00007fff40c02000 	C:\windows\System32\KERNELBASE.dll
0x00007fff40ed0000 - 0x00007fff40fd0000 	C:\windows\System32\ucrtbase.dll
0x00007fff1a820000 - 0x00007fff1a838000 	C:\Users\luni1\.p2\pool\plugins\org.eclipse.justj.openjdk.hotspot.jre.full.win32.x86_64_17.0.2.v20220201-1208\jre\bin\jli.dll
0x00007fff42200000 - 0x00007fff423a1000 	C:\windows\System32\USER32.dll
0x00007fff40e10000 - 0x00007fff40e32000 	C:\windows\System32\win32u.dll
0x00007fff41f40000 - 0x00007fff41f6b000 	C:\windows\System32\GDI32.dll
0x00007fff40820000 - 0x00007fff4092f000 	C:\windows\System32\gdi32full.dll
0x00007fff40c10000 - 0x00007fff40cad000 	C:\windows\System32\msvcp_win.dll
0x00007fff1b160000 - 0x00007fff1b179000 	C:\Users\luni1\.p2\pool\plugins\org.eclipse.justj.openjdk.hotspot.jre.full.win32.x86_64_17.0.2.v20220201-1208\jre\bin\VCRUNTIME140.dll
0x00007fff2dae0000 - 0x00007fff2dd7a000 	C:\windows\WinSxS\amd64_microsoft.windows.common-controls_6595b64144ccf1df_6.0.19041.1110_none_60b5254171f9507e\COMCTL32.dll
0x00007fff41930000 - 0x00007fff419ce000 	C:\windows\System32\msvcrt.dll
0x00007fff420a0000 - 0x00007fff420d0000 	C:\windows\System32\IMM32.DLL
0x00007fff36990000 - 0x00007fff3699c000 	C:\Users\luni1\.p2\pool\plugins\org.eclipse.justj.openjdk.hotspot.jre.full.win32.x86_64_17.0.2.v20220201-1208\jre\bin\vcruntime140_1.dll
0x00007fff17700000 - 0x00007fff17791000 	C:\Users\luni1\.p2\pool\plugins\org.eclipse.justj.openjdk.hotspot.jre.full.win32.x86_64_17.0.2.v20220201-1208\jre\bin\msvcp140.dll
0x00007ffef39e0000 - 0x00007ffef4627000 	C:\Users\luni1\.p2\pool\plugins\org.eclipse.justj.openjdk.hotspot.jre.full.win32.x86_64_17.0.2.v20220201-1208\jre\bin\server\jvm.dll
0x00007fff41b00000 - 0x00007fff41bae000 	C:\windows\System32\ADVAPI32.dll
0x00007fff41a50000 - 0x00007fff41aec000 	C:\windows\System32\sechost.dll
0x00007fff41800000 - 0x00007fff41924000 	C:\windows\System32\RPCRT4.dll
0x00007fff41af0000 - 0x00007fff41af8000 	C:\windows\System32\PSAPI.DLL
0x00007fff31ca0000 - 0x00007fff31ca9000 	C:\windows\SYSTEM32\WSOCK32.dll
0x00007fff41ed0000 - 0x00007fff41f3b000 	C:\windows\System32\WS2_32.dll
0x00007fff31cb0000 - 0x00007fff31cd7000 	C:\windows\SYSTEM32\WINMM.dll
0x00007fff36080000 - 0x00007fff3608a000 	C:\windows\SYSTEM32\VERSION.dll
0x00007fff3ef20000 - 0x00007fff3ef32000 	C:\windows\SYSTEM32\kernel.appcore.dll
0x00007fff35710000 - 0x00007fff3571a000 	C:\Users\luni1\.p2\pool\plugins\org.eclipse.justj.openjdk.hotspot.jre.full.win32.x86_64_17.0.2.v20220201-1208\jre\bin\jimage.dll
0x00007fff3ec30000 - 0x00007fff3ee14000 	C:\windows\SYSTEM32\DBGHELP.DLL
0x00007fff34f70000 - 0x00007fff34fa5000 	C:\windows\SYSTEM32\dbgcore.DLL
0x00007fff40e40000 - 0x00007fff40ec2000 	C:\windows\System32\bcryptPrimitives.dll
0x00007fff19e10000 - 0x00007fff19e35000 	C:\Users\luni1\.p2\pool\plugins\org.eclipse.justj.openjdk.hotspot.jre.full.win32.x86_64_17.0.2.v20220201-1208\jre\bin\java.dll
0x00007fff19df0000 - 0x00007fff19e08000 	C:\Users\luni1\.p2\pool\plugins\org.eclipse.justj.openjdk.hotspot.jre.full.win32.x86_64_17.0.2.v20220201-1208\jre\bin\zip.dll
0x00007fff41050000 - 0x00007fff41795000 	C:\windows\System32\SHELL32.dll
0x00007fff3e3c0000 - 0x00007fff3eb52000 	C:\windows\SYSTEM32\windows.storage.dll
0x00007fff42410000 - 0x00007fff42765000 	C:\windows\System32\combase.dll
0x00007fff400c0000 - 0x00007fff400f0000 	C:\windows\SYSTEM32\Wldp.dll
0x00007fff42e70000 - 0x00007fff42f1d000 	C:\windows\System32\SHCORE.dll
0x00007fff42f30000 - 0x00007fff42f85000 	C:\windows\System32\shlwapi.dll
0x00007fff40610000 - 0x00007fff4062f000 	C:\windows\SYSTEM32\profapi.dll
0x00007fff19dd0000 - 0x00007fff19de9000 	C:\Users\luni1\.p2\pool\plugins\org.eclipse.justj.openjdk.hotspot.jre.full.win32.x86_64_17.0.2.v20220201-1208\jre\bin\net.dll
0x00007fff337b0000 - 0x00007fff338ba000 	C:\windows\SYSTEM32\WINHTTP.dll
0x00007fff3fe20000 - 0x00007fff3fe8a000 	C:\windows\system32\mswsock.dll
0x00007fff19ce0000 - 0x00007fff19cf5000 	C:\Users\luni1\.p2\pool\plugins\org.eclipse.justj.openjdk.hotspot.jre.full.win32.x86_64_17.0.2.v20220201-1208\jre\bin\nio.dll
0x00007fff34240000 - 0x00007fff34250000 	C:\Users\luni1\.p2\pool\plugins\org.eclipse.justj.openjdk.hotspot.jre.full.win32.x86_64_17.0.2.v20220201-1208\jre\bin\verify.dll
0x0000000180000000 - 0x0000000180051000 	C:\Users\luni1\workspace\VoxelEngine\libraries\native\windows\lwjgl64.dll
0x00007fff0e5b0000 - 0x00007fff0e6d5000 	C:\windows\SYSTEM32\OPENGL32.dll
0x00007fff0f230000 - 0x00007fff0f25c000 	C:\windows\SYSTEM32\GLU32.dll
0x00007fff3b050000 - 0x00007fff3b0fe000 	C:\windows\SYSTEM32\mscms.dll
0x00007fff40590000 - 0x00007fff405be000 	C:\windows\SYSTEM32\USERENV.dll
0x00007fff3ae70000 - 0x00007fff3ae81000 	C:\windows\SYSTEM32\ColorAdapterClient.dll
0x00007fff420d0000 - 0x00007fff4219d000 	C:\windows\System32\OLEAUT32.dll
0x00007fff41e20000 - 0x00007fff41ec9000 	C:\windows\System32\clbcatq.dll
0x00007fff220b0000 - 0x00007fff220f3000 	C:\Windows\System32\Windows.Internal.Graphics.Display.DisplayColorManagement.dll
0x00007fff40fd0000 - 0x00007fff4101e000 	C:\windows\System32\cfgmgr32.dll
0x00007fff3dd10000 - 0x00007fff3ddae000 	C:\windows\system32\uxtheme.dll
0x00007fff41c70000 - 0x00007fff41d84000 	C:\windows\System32\MSCTF.dll
0x00007fff35d70000 - 0x00007fff35e69000 	C:\Windows\System32\AppXDeploymentClient.dll
0x00007ffee8430000 - 0x00007ffee949b000 	C:\Windows\System32\DriverStore\FileRepository\iigd_dch.inf_amd64_acf450836b32b94b\ig11icd64.dll
0x00007fff41f70000 - 0x00007fff4209a000 	C:\windows\System32\ole32.dll
0x00007fff3e000000 - 0x00007fff3e02f000 	C:\windows\system32\dwmapi.dll
0x00007fff3f0b0000 - 0x00007fff3f1a3000 	C:\windows\system32\dxgi.dll
0x00007ffef5a00000 - 0x00007ffef5e07000 	C:\Windows\System32\DriverStore\FileRepository\iigd_dch.inf_amd64_acf450836b32b94b\igdml64.dll
0x00007fff1ffa0000 - 0x00007fff2024a000 	C:\Windows\System32\DriverStore\FileRepository\iigd_dch.inf_amd64_acf450836b32b94b\igdgmm64.dll
0x00007fff240f0000 - 0x00007fff241e9000 	C:\windows\SYSTEM32\textinputframework.dll
0x00007fff3d690000 - 0x00007fff3d782000 	C:\windows\System32\CoreMessaging.dll
0x00007fff3d330000 - 0x00007fff3d68e000 	C:\windows\System32\CoreUIComponents.dll
0x00007fff3f7f0000 - 0x00007fff3f823000 	C:\windows\SYSTEM32\ntmarta.dll
0x00007fff3cc20000 - 0x00007fff3cd74000 	C:\windows\SYSTEM32\wintypes.dll
0x00007fff18510000 - 0x00007fff18576000 	C:\windows\system32\Oleacc.dll
0x00007fff1c280000 - 0x00007fff1c2c3000 	C:\windows\SYSTEM32\icm32.dll
0x00007fff1d260000 - 0x00007fff1fdef000 	C:\Windows\System32\DriverStore\FileRepository\iigd_dch.inf_amd64_acf450836b32b94b\igc64.dll
0x00007fff40180000 - 0x00007fff401cb000 	C:\windows\SYSTEM32\powrprof.dll
0x00007fff400f0000 - 0x00007fff40102000 	C:\windows\SYSTEM32\UMPDC.dll
0x00007fff05230000 - 0x00007fff053be000 	C:\Users\luni1\.p2\pool\plugins\org.eclipse.justj.openjdk.hotspot.jre.full.win32.x86_64_17.0.2.v20220201-1208\jre\bin\awt.dll
0x00007fff3db30000 - 0x00007fff3dbc0000 	C:\windows\SYSTEM32\apphelp.dll
0x00007fff40020000 - 0x00007fff40038000 	C:\windows\SYSTEM32\CRYPTSP.dll
0x00007fff3f6d0000 - 0x00007fff3f704000 	C:\windows\system32\rsaenh.dll
0x00007fff407f0000 - 0x00007fff40817000 	C:\windows\System32\bcrypt.dll
0x00007fff40010000 - 0x00007fff4001c000 	C:\windows\SYSTEM32\CRYPTBASE.dll
0x00007fff3faa0000 - 0x00007fff3fadb000 	C:\windows\SYSTEM32\IPHLPAPI.DLL
0x00007fff42f20000 - 0x00007fff42f28000 	C:\windows\System32\NSI.dll
0x00007fff34220000 - 0x00007fff34237000 	C:\windows\SYSTEM32\dhcpcsvc6.DLL
0x00007fff347c0000 - 0x00007fff347dd000 	C:\windows\SYSTEM32\dhcpcsvc.DLL
0x00007fff3fb50000 - 0x00007fff3fc1b000 	C:\windows\SYSTEM32\DNSAPI.dll

dbghelp: loaded successfully - version: 4.0.5 - missing functions: none
symbol engine: initialized successfully - sym options: 0x614 - pdb path: .;C:\Users\luni1\.p2\pool\plugins\org.eclipse.justj.openjdk.hotspot.jre.full.win32.x86_64_17.0.2.v20220201-1208\jre\bin;C:\windows\SYSTEM32;C:\windows\WinSxS\amd64_microsoft.windows.common-controls_6595b64144ccf1df_6.0.19041.1110_none_60b5254171f9507e;C:\Users\luni1\.p2\pool\plugins\org.eclipse.justj.openjdk.hotspot.jre.full.win32.x86_64_17.0.2.v20220201-1208\jre\bin\server;C:\Users\luni1\workspace\VoxelEngine\libraries\native\windows;C:\Windows\System32\DriverStore\FileRepository\iigd_dch.inf_amd64_acf450836b32b94b

VM Arguments:
jvm_args: -Xmx4096m -Djava.library.path=C:\Users\luni1\workspace\VoxelEngine\libraries\native\windows -Dfile.encoding=windows-1252 -XX:+ShowCodeDetailsInExceptionMessages 
java_command: org.VoxelTest.main.VoxelTest
java_class_path (initial): C:\Users\luni1\workspace\VoxelEngine\bin;C:\Users\luni1\workspace\VoxelEngine\libraries\jar\commons-io-2.11.0.jar;C:\Users\luni1\workspace\VoxelEngine\libraries\jar\lwjgl_util.jar;C:\Users\luni1\workspace\VoxelEngine\libraries\jar\lwjgl.jar;C:\Users\luni1\workspace\VoxelEngine\libraries\jar\PNGDecoder.jar;C:\Users\luni1\workspace\VoxelEngine\libraries\jar\slick-util.jar
Launcher Type: SUN_STANDARD

[Global flags]
     intx CICompilerCount                          = 3                                         {product} {ergonomic}
     uint ConcGCThreads                            = 1                                         {product} {ergonomic}
     uint G1ConcRefinementThreads                  = 4                                         {product} {ergonomic}
   size_t G1HeapRegionSize                         = 2097152                                   {product} {ergonomic}
    uintx GCDrainStackTargetSize                   = 64                                        {product} {ergonomic}
   size_t InitialHeapSize                          = 65011712                                  {product} {ergonomic}
   size_t MarkStackSize                            = 4194304                                   {product} {ergonomic}
   size_t MaxHeapSize                              = 4294967296                                {product} {command line}
   size_t MaxNewSize                               = 2575302656                                {product} {ergonomic}
   size_t MinHeapDeltaBytes                        = 2097152                                   {product} {ergonomic}
   size_t MinHeapSize                              = 8388608                                   {product} {ergonomic}
    uintx NonNMethodCodeHeapSize                   = 5832780                                {pd product} {ergonomic}
    uintx NonProfiledCodeHeapSize                  = 122912730                              {pd product} {ergonomic}
    uintx ProfiledCodeHeapSize                     = 122912730                              {pd product} {ergonomic}
    uintx ReservedCodeCacheSize                    = 251658240                              {pd product} {ergonomic}
     bool SegmentedCodeCache                       = true                                      {product} {ergonomic}
     bool ShowCodeDetailsInExceptionMessages       = true                                   {manageable} {command line}
   size_t SoftMaxHeapSize                          = 4294967296                             {manageable} {ergonomic}
     bool UseCompressedClassPointers               = true                           {product lp64_product} {ergonomic}
     bool UseCompressedOops                        = true                           {product lp64_product} {ergonomic}
     bool UseG1GC                                  = true                                      {product} {ergonomic}
     bool UseLargePagesIndividualAllocation        = false                                  {pd product} {ergonomic}

Logging:
Log output configuration:
 #0: stdout all=warning uptime,level,tags
 #1: stderr all=off uptime,level,tags

Environment Variables:
PATH=C:/Users/luni1/eclipse/eclipse-committers-2023-06/eclipse//plugins/org.eclipse.justj.openjdk.hotspot.jre.full.win32.x86_64_17.0.7.v20230425-1502/jre/bin/server;C:/Users/luni1/eclipse/eclipse-committers-2023-06/eclipse//plugins/org.eclipse.justj.openjdk.hotspot.jre.full.win32.x86_64_17.0.7.v20230425-1502/jre/bin;C:\Program Files (x86)\Common Files\Oracle\Java\javapath;C:\ProgramData\Oracle\Java\javapath;C:\windows\system32;C:\windows;C:\windows\System32\Wbem;C:\windows\System32\WindowsPowerShell\v1.0\;C:\windows\System32\OpenSSH\;C:\Program Files\Perforce\;D:\Git\cmd;C:\Program Files\Git\cmd;C:\Program Files\nodejs\;C:\Program Files\dotnet\;C:\mingw64\bin;C:\Users\luni1\.cargo\bin;C:\Users\luni1\AppData\Local\Programs\Python\Python310\Scripts\;C:\Users\luni1\AppData\Local\Programs\Python\Python310\;C:\Users\luni1\AppData\Local\Microsoft\WindowsApps;C:\Users\luni1\AppData\Local\Programs\Microsoft VS Code\bin;C:\Users\luni1\AppData\Local\GitHubDesktop\bin;C:\Users\luni1\.dotnet\tools;C:\Users\luni1\AppData\Roaming\npm;C:\Program Files\CMake\bin;C:\Program Files\Java\jdk1.8.0_361\bin;C:\mingw64\bin;;C:\Users\luni1\eclipse\eclipse-committers-2023-06\eclipse;
USERNAME=luni1
OS=Windows_NT
PROCESSOR_IDENTIFIER=Intel64 Family 6 Model 156 Stepping 0, GenuineIntel



---------------  S Y S T E M  ---------------

OS:
 Windows 10 , 64 bit Build 19041 (10.0.19041.2546)
OS uptime: 0 days 10:10 hours

CPU: total 4 (initial active 4) (4 cores per cpu, 1 threads per core) family 6 model 156 stepping 0 microcode 0x1d, cx8, cmov, fxsr, mmx, 3dnowpref, sse, sse2, sse3, ssse3, sse4.1, sse4.2, popcnt, tsc, tscinvbit, aes, erms, clmul, sha, clflush, clflushopt, clwb

Memory: 4k page, system-wide physical 3914M (263M free)
TotalPageFile size 7995M (AvailPageFile size 22M)
current process WorkingSet (physical memory assigned to process): 239M, peak: 249M
current process commit charge ("private bytes"): 346M, peak: 382M

vm_info: OpenJDK 64-Bit Server VM (17.0.2+8) for windows-amd64 JRE (17.0.2+8), built on Jan 20 2022 04:52:34 by "" with MS VC++ 16.7 (VS2019)

END.
