#
# There is insufficient memory for the Java Runtime Environment to continue.
# Native memory allocation (mmap) failed to map 415236096 bytes for G1 virtual space
# Possible reasons:
#   The system is out of physical RAM or swap space
#   The process is running with CompressedOops enabled, and the Java Heap may be blocking the growth of the native heap
# Possible solutions:
#   Reduce memory load on the system
#   Increase physical memory or swap space
#   Check if swap backing store is full
#   Decrease Java heap size (-Xmx/-Xms)
#   Decrease number of Java threads
#   Decrease Java thread stack sizes (-Xss)
#   Set larger code cache with -XX:ReservedCodeCacheSize=
#   JVM is running with Zero Based Compressed Oops mode in which the Java heap is
#     placed in the first 32GB address space. The Java Heap base address is the
#     maximum limit for the native heap growth. Please use -XX:HeapBaseMinAddress
#     to set the Java Heap base and to place the Java Heap above 32GB virtual address.
# This output file may be truncated or incomplete.
#
#  Out of Memory Error (os_windows.cpp:3532), pid=11464, tid=9256
#
# JRE version: OpenJDK Runtime Environment Temurin-17.0.2+8 (17.0.2+8) (build 17.0.2+8)
# Java VM: OpenJDK 64-Bit Server VM Temurin-17.0.2+8 (17.0.2+8, mixed mode, tiered, compressed oops, compressed class ptrs, g1 gc, windows-amd64)
# No core dump will be written. Minidumps are not enabled by default on client versions of Windows
#

---------------  S U M M A R Y ------------

Command Line: -Xmx4096m -Djava.library.path=C:\Users\luni1\workspace\VoxelEngine\libraries\native\windows -Dfile.encoding=windows-1252 -XX:+ShowCodeDetailsInExceptionMessages org.VoxelTest.main.VoxelTest

Host: Intel(R) Pentium(R) Silver N6000 @ 1.10GHz, 4 cores, 3G,  Windows 10 , 64 bit Build 19041 (10.0.19041.2546)
Time: Thu Jul  6 20:20:50 2023 GMT Summer Time elapsed time: 7.552522 seconds (0d 0h 0m 7s)

---------------  T H R E A D  ---------------

Current thread (0x00000235b4f22100):  VMThread "VM Thread" [stack: 0x0000007710800000,0x0000007710900000] [id=9256]

Stack: [0x0000007710800000,0x0000007710900000]
Native frames: (J=compiled Java code, j=interpreted, Vv=VM code, C=native code)
V  [jvm.dll+0x67564a]
V  [jvm.dll+0x82fc04]
V  [jvm.dll+0x8313ae]
V  [jvm.dll+0x831a13]
V  [jvm.dll+0x245235]
V  [jvm.dll+0x672539]
V  [jvm.dll+0x666e82]
V  [jvm.dll+0x30401b]
V  [jvm.dll+0x30b566]
V  [jvm.dll+0x35b1fe]
V  [jvm.dll+0x35b42f]
V  [jvm.dll+0x2daf58]
V  [jvm.dll+0x2d920c]
V  [jvm.dll+0x2d87dc]
V  [jvm.dll+0x31c61b]
V  [jvm.dll+0x835ebb]
V  [jvm.dll+0x836bf4]
V  [jvm.dll+0x83710c]
V  [jvm.dll+0x8374e4]
V  [jvm.dll+0x8375b0]
V  [jvm.dll+0x7dff2a]
V  [jvm.dll+0x6744d5]
C  [ucrtbase.dll+0x21bb2]
C  [KERNEL32.DLL+0x17614]
C  [ntdll.dll+0x526a1]

VM_Operation (0x0000007711bfee70): G1CollectForAllocation, mode: safepoint, requested by thread 0x00000235bb9da9e0


---------------  P R O C E S S  ---------------

Threads class SMR info:
_java_thread_list=0x00000235bda2f970, length=16, elements={
0x0000023596bdece0, 0x00000235b4f783f0, 0x00000235b4f794e0, 0x00000235b4f4ad70,
0x00000235b4fc1410, 0x00000235b4fc1cd0, 0x00000235b4fc35a0, 0x00000235b4fc4280,
0x00000235b5960c10, 0x00000235b59659d0, 0x00000235b5a55460, 0x00000235b5a5d400,
0x00000235bb9da9e0, 0x00000235bb9bc210, 0x00000235bb9bc6e0, 0x00000235bddb33e0
}

Java Threads: ( => current thread )
  0x0000023596bdece0 JavaThread "main" [_thread_in_native, id=9504, stack(0x0000007710100000,0x0000007710200000)]
  0x00000235b4f783f0 JavaThread "Reference Handler" daemon [_thread_blocked, id=8184, stack(0x0000007710900000,0x0000007710a00000)]
  0x00000235b4f794e0 JavaThread "Finalizer" daemon [_thread_blocked, id=7696, stack(0x0000007710a00000,0x0000007710b00000)]
  0x00000235b4f4ad70 JavaThread "Signal Dispatcher" daemon [_thread_blocked, id=7032, stack(0x0000007710b00000,0x0000007710c00000)]
  0x00000235b4fc1410 JavaThread "Attach Listener" daemon [_thread_blocked, id=6932, stack(0x0000007710c00000,0x0000007710d00000)]
  0x00000235b4fc1cd0 JavaThread "Service Thread" daemon [_thread_blocked, id=10152, stack(0x0000007710d00000,0x0000007710e00000)]
  0x00000235b4fc35a0 JavaThread "Monitor Deflation Thread" daemon [_thread_blocked, id=1964, stack(0x0000007710e00000,0x0000007710f00000)]
  0x00000235b4fc4280 JavaThread "C2 CompilerThread0" daemon [_thread_blocked, id=6624, stack(0x0000007710f00000,0x0000007711000000)]
  0x00000235b5960c10 JavaThread "C1 CompilerThread0" daemon [_thread_blocked, id=5632, stack(0x0000007711000000,0x0000007711100000)]
  0x00000235b59659d0 JavaThread "Sweeper thread" daemon [_thread_blocked, id=10276, stack(0x0000007711100000,0x0000007711200000)]
  0x00000235b5a55460 JavaThread "Notification Thread" daemon [_thread_blocked, id=5548, stack(0x0000007711200000,0x0000007711300000)]
  0x00000235b5a5d400 JavaThread "Common-Cleaner" daemon [_thread_blocked, id=8676, stack(0x0000007711400000,0x0000007711500000)]
  0x00000235bb9da9e0 JavaThread "Thread-1" [_thread_blocked, id=10108, stack(0x0000007711b00000,0x0000007711c00000)]
  0x00000235bb9bc210 JavaThread "Thread-2" [_thread_blocked, id=7016, stack(0x0000007711c00000,0x0000007711d00000)]
  0x00000235bb9bc6e0 JavaThread "Thread-3" [_thread_blocked, id=3872, stack(0x0000007711d00000,0x0000007711e00000)]
  0x00000235bddb33e0 JavaThread "Java2D Disposer" daemon [_thread_blocked, id=11648, stack(0x0000007712200000,0x0000007712300000)]

Other Threads:
=>0x00000235b4f22100 VMThread "VM Thread" [stack: 0x0000007710800000,0x0000007710900000] [id=9256]
  0x00000235b5a57d50 WatcherThread [stack: 0x0000007711300000,0x0000007711400000] [id=6376]
  0x0000023596c2bef0 GCTaskThread "GC Thread#0" [stack: 0x0000007710300000,0x0000007710400000] [id=10008]
  0x00000235bd842420 GCTaskThread "GC Thread#1" [stack: 0x0000007711e00000,0x0000007711f00000] [id=3556]
  0x00000235bbb7e5e0 GCTaskThread "GC Thread#2" [stack: 0x0000007711f00000,0x0000007712000000] [id=1920]
  0x00000235bbc1eca0 GCTaskThread "GC Thread#3" [stack: 0x0000007712000000,0x0000007712100000] [id=396]
  0x0000023596c3de40 ConcurrentGCThread "G1 Main Marker" [stack: 0x0000007710400000,0x0000007710500000] [id=8928]
  0x0000023596c40140 ConcurrentGCThread "G1 Conc#0" [stack: 0x0000007710500000,0x0000007710600000] [id=4372]
  0x0000023596c979f0 ConcurrentGCThread "G1 Refine#0" [stack: 0x0000007710600000,0x0000007710700000] [id=6260]
  0x00000235bbb842a0 ConcurrentGCThread "G1 Refine#1" [stack: 0x0000007712100000,0x0000007712200000] [id=5704]
  0x0000023596c98410 ConcurrentGCThread "G1 Service" [stack: 0x0000007710700000,0x0000007710800000] [id=8372]

Threads with active compile tasks:

VM state: at safepoint (normal execution)

VM Mutex/Monitor currently owned by a thread:  ([mutex/lock_event])
[0x0000023596bd87b0] Threads_lock - owner thread: 0x00000235b4f22100
[0x0000023596bd8f00] Heap_lock - owner thread: 0x00000235bb9da9e0

Heap address: 0x0000000700000000, size: 4096 MB, Compressed Oops mode: Zero based, Oop shift amount: 3

CDS archive(s) not mapped
Compressed class space mapped at: 0x0000000800000000-0x0000000840000000, reserved size: 1073741824
Narrow klass base: 0x0000000800000000, Narrow klass shift: 0, Narrow klass range: 0x40000000

GC Precious Log:
 CPUs: 4 total, 4 available
 Memory: 3914M
 Large Page Support: Disabled
 NUMA Support: Disabled
 Compressed Oops: Enabled (Zero based)
 Heap Region Size: 2M
 Heap Min Capacity: 8M
 Heap Initial Capacity: 62M
 Heap Max Capacity: 4G
 Pre-touch: Disabled
 Parallel Workers: 4
 Concurrent Workers: 1
 Concurrent Refinement Workers: 4
 Periodic GC: Disabled

Heap:
 garbage-first heap   total 202752K, used 128024K [0x0000000700000000, 0x0000000800000000)
  region size 2048K, 1 young (2048K), 1 survivors (2048K)
 Metaspace       used 12982K, committed 13120K, reserved 1064960K
  class space    used 1125K, committed 1152K, reserved 1048576K

Heap Regions: E=young(eden), S=young(survivor), O=old, HS=humongous(starts), HC=humongous(continues), CS=collection set, F=free, OA=open archive, CA=closed archive, TAMS=top-at-mark-start (previous, next)
|   0|0x0000000700000000, 0x0000000700200000, 0x0000000700200000|100%| O|  |TAMS 0x0000000700200000, 0x0000000700000000| Untracked 
|   1|0x0000000700200000, 0x0000000700400000, 0x0000000700400000|100%| O|  |TAMS 0x0000000700400000, 0x0000000700200000| Untracked 
|   2|0x0000000700400000, 0x0000000700600000, 0x0000000700600000|100%| O|  |TAMS 0x0000000700600000, 0x0000000700400000| Untracked 
|   3|0x0000000700600000, 0x0000000700800000, 0x0000000700800000|100%| O|  |TAMS 0x0000000700600000, 0x0000000700600000| Untracked 
|   4|0x0000000700800000, 0x0000000700a00000, 0x0000000700a00000|100%| O|  |TAMS 0x0000000700a00000, 0x0000000700800000| Untracked 
|   5|0x0000000700a00000, 0x0000000700c00000, 0x0000000700c00000|100%| O|  |TAMS 0x0000000700c00000, 0x0000000700a00000| Untracked 
|   6|0x0000000700c00000, 0x0000000700e00000, 0x0000000700e00000|100%| O|  |TAMS 0x0000000700e00000, 0x0000000700c00000| Untracked 
|   7|0x0000000700e00000, 0x0000000701000000, 0x0000000701000000|100%| O|  |TAMS 0x0000000701000000, 0x0000000700e00000| Untracked 
|   8|0x0000000701000000, 0x0000000701200000, 0x0000000701200000|100%| O|  |TAMS 0x0000000701200000, 0x0000000701000000| Untracked 
|   9|0x0000000701200000, 0x0000000701400000, 0x0000000701400000|100%| O|  |TAMS 0x0000000701400000, 0x0000000701200000| Untracked 
|  10|0x0000000701400000, 0x0000000701600000, 0x0000000701600000|100%| O|  |TAMS 0x0000000701600000, 0x0000000701400000| Untracked 
|  11|0x0000000701600000, 0x0000000701800000, 0x0000000701800000|100%| O|  |TAMS 0x0000000701800000, 0x0000000701600000| Untracked 
|  12|0x0000000701800000, 0x0000000701a00000, 0x0000000701a00000|100%| O|  |TAMS 0x0000000701a00000, 0x0000000701800000| Untracked 
|  13|0x0000000701a00000, 0x0000000701a00000, 0x0000000701c00000|  0%| F|  |TAMS 0x0000000701a00000, 0x0000000701a00000| Untracked 
|  14|0x0000000701c00000, 0x0000000701e00000, 0x0000000701e00000|100%| O|  |TAMS 0x0000000701e00000, 0x0000000701c00000| Untracked 
|  15|0x0000000701e00000, 0x0000000702000000, 0x0000000702000000|100%| O|  |TAMS 0x0000000702000000, 0x0000000701e00000| Untracked 
|  16|0x0000000702000000, 0x0000000702200000, 0x0000000702200000|100%| O|  |TAMS 0x0000000702200000, 0x0000000702000000| Untracked 
|  17|0x0000000702200000, 0x0000000702400000, 0x0000000702400000|100%| O|  |TAMS 0x0000000702400000, 0x0000000702200000| Untracked 
|  18|0x0000000702400000, 0x0000000702600000, 0x0000000702600000|100%| O|  |TAMS 0x0000000702600000, 0x0000000702400000| Untracked 
|  19|0x0000000702600000, 0x0000000702800000, 0x0000000702800000|100%| O|  |TAMS 0x0000000702800000, 0x0000000702600000| Untracked 
|  20|0x0000000702800000, 0x0000000702a00000, 0x0000000702a00000|100%| O|  |TAMS 0x0000000702a00000, 0x0000000702800000| Untracked 
|  21|0x0000000702a00000, 0x0000000702c00000, 0x0000000702c00000|100%| O|  |TAMS 0x0000000702c00000, 0x0000000702a00000| Untracked 
|  22|0x0000000702c00000, 0x0000000702e00000, 0x0000000702e00000|100%| O|  |TAMS 0x0000000702e00000, 0x0000000702c00000| Untracked 
|  23|0x0000000702e00000, 0x0000000703000000, 0x0000000703000000|100%| O|  |TAMS 0x0000000703000000, 0x0000000702e00000| Untracked 
|  24|0x0000000703000000, 0x0000000703200000, 0x0000000703200000|100%| O|  |TAMS 0x0000000703200000, 0x0000000703000000| Untracked 
|  25|0x0000000703200000, 0x0000000703400000, 0x0000000703400000|100%| O|  |TAMS 0x0000000703400000, 0x0000000703200000| Untracked 
|  26|0x0000000703400000, 0x0000000703600000, 0x0000000703600000|100%| O|  |TAMS 0x0000000703600000, 0x0000000703400000| Untracked 
|  27|0x0000000703600000, 0x0000000703800000, 0x0000000703800000|100%| O|  |TAMS 0x0000000703800000, 0x0000000703600000| Untracked 
|  28|0x0000000703800000, 0x0000000703a00000, 0x0000000703a00000|100%| O|  |TAMS 0x0000000703a00000, 0x0000000703800000| Untracked 
|  29|0x0000000703a00000, 0x0000000703c00000, 0x0000000703c00000|100%| O|  |TAMS 0x0000000703c00000, 0x0000000703a00000| Untracked 
|  30|0x0000000703c00000, 0x0000000703e00000, 0x0000000703e00000|100%| O|  |TAMS 0x0000000703e00000, 0x0000000703c00000| Untracked 
|  31|0x0000000703e00000, 0x0000000703e00000, 0x0000000704000000|  0%| F|  |TAMS 0x0000000703e00000, 0x0000000703e00000| Untracked 
|  32|0x0000000704000000, 0x0000000704000000, 0x0000000704200000|  0%| F|  |TAMS 0x0000000704000000, 0x0000000704000000| Untracked 
|  33|0x0000000704200000, 0x0000000704400000, 0x0000000704400000|100%| O|  |TAMS 0x0000000704400000, 0x0000000704200000| Untracked 
|  34|0x0000000704400000, 0x0000000704600000, 0x0000000704600000|100%| O|  |TAMS 0x0000000704600000, 0x0000000704400000| Untracked 
|  35|0x0000000704600000, 0x0000000704800000, 0x0000000704800000|100%| O|  |TAMS 0x0000000704800000, 0x0000000704600000| Untracked 
|  36|0x0000000704800000, 0x0000000704a00000, 0x0000000704a00000|100%| O|  |TAMS 0x0000000704a00000, 0x0000000704800000| Untracked 
|  37|0x0000000704a00000, 0x0000000704c00000, 0x0000000704c00000|100%| O|  |TAMS 0x0000000704c00000, 0x0000000704a00000| Untracked 
|  38|0x0000000704c00000, 0x0000000704e00000, 0x0000000704e00000|100%| O|  |TAMS 0x0000000704e00000, 0x0000000704c00000| Untracked 
|  39|0x0000000704e00000, 0x0000000705000000, 0x0000000705000000|100%| O|  |TAMS 0x0000000705000000, 0x0000000704e00000| Untracked 
|  40|0x0000000705000000, 0x0000000705200000, 0x0000000705200000|100%| O|  |TAMS 0x0000000705200000, 0x0000000705000000| Untracked 
|  41|0x0000000705200000, 0x0000000705400000, 0x0000000705400000|100%| O|  |TAMS 0x0000000705400000, 0x0000000705200000| Untracked 
|  42|0x0000000705400000, 0x0000000705600000, 0x0000000705600000|100%| O|  |TAMS 0x0000000705600000, 0x0000000705400000| Untracked 
|  43|0x0000000705600000, 0x0000000705800000, 0x0000000705800000|100%| O|  |TAMS 0x000000070572f408, 0x0000000705600000| Untracked 
|  44|0x0000000705800000, 0x0000000705a00000, 0x0000000705a00000|100%| O|  |TAMS 0x0000000705800000, 0x0000000705800000| Untracked 
|  45|0x0000000705a00000, 0x0000000705c00000, 0x0000000705c00000|100%| O|  |TAMS 0x0000000705a00000, 0x0000000705a00000| Untracked 
|  46|0x0000000705c00000, 0x0000000705e00000, 0x0000000705e00000|100%| O|  |TAMS 0x0000000705c00000, 0x0000000705c00000| Untracked 
|  47|0x0000000705e00000, 0x0000000706000000, 0x0000000706000000|100%| O|  |TAMS 0x0000000705e00000, 0x0000000705e00000| Untracked 
|  48|0x0000000706000000, 0x0000000706200000, 0x0000000706200000|100%| O|  |TAMS 0x0000000706000000, 0x0000000706000000| Untracked 
|  49|0x0000000706200000, 0x0000000706400000, 0x0000000706400000|100%| O|  |TAMS 0x0000000706200000, 0x0000000706200000| Untracked 
|  50|0x0000000706400000, 0x0000000706600000, 0x0000000706600000|100%| O|  |TAMS 0x0000000706400000, 0x0000000706400000| Untracked 
|  51|0x0000000706600000, 0x0000000706800000, 0x0000000706800000|100%| O|  |TAMS 0x0000000706600000, 0x0000000706600000| Untracked 
|  52|0x0000000706800000, 0x0000000706a00000, 0x0000000706a00000|100%| O|  |TAMS 0x0000000706800000, 0x0000000706800000| Untracked 
|  53|0x0000000706a00000, 0x0000000706c00000, 0x0000000706c00000|100%| O|  |TAMS 0x0000000706a00000, 0x0000000706a00000| Untracked 
|  54|0x0000000706c00000, 0x0000000706e00000, 0x0000000706e00000|100%| O|  |TAMS 0x0000000706c00000, 0x0000000706c00000| Untracked 
|  55|0x0000000706e00000, 0x0000000707000000, 0x0000000707000000|100%| O|  |TAMS 0x0000000706e00000, 0x0000000706e00000| Untracked 
|  56|0x0000000707000000, 0x0000000707200000, 0x0000000707200000|100%| O|  |TAMS 0x0000000707000000, 0x0000000707000000| Untracked 
|  57|0x0000000707200000, 0x0000000707400000, 0x0000000707400000|100%| O|  |TAMS 0x0000000707200000, 0x0000000707200000| Untracked 
|  58|0x0000000707400000, 0x0000000707600000, 0x0000000707600000|100%| O|  |TAMS 0x0000000707400000, 0x0000000707400000| Untracked 
|  59|0x0000000707600000, 0x0000000707800000, 0x0000000707800000|100%| O|  |TAMS 0x0000000707600000, 0x0000000707600000| Untracked 
|  60|0x0000000707800000, 0x0000000707a00000, 0x0000000707a00000|100%| O|  |TAMS 0x0000000707800000, 0x0000000707800000| Untracked 
|  61|0x0000000707a00000, 0x0000000707c00000, 0x0000000707c00000|100%| O|  |TAMS 0x0000000707a00000, 0x0000000707a00000| Untracked 
|  62|0x0000000707c00000, 0x0000000707e00000, 0x0000000707e00000|100%| O|  |TAMS 0x0000000707c00000, 0x0000000707c00000| Untracked 
|  63|0x0000000707e00000, 0x0000000708000000, 0x0000000708000000|100%| O|  |TAMS 0x0000000707e00000, 0x0000000707e00000| Untracked 
|  64|0x0000000708000000, 0x0000000708106000, 0x0000000708200000| 51%| O|  |TAMS 0x0000000708000000, 0x0000000708000000| Untracked 
|  65|0x0000000708200000, 0x0000000708200000, 0x0000000708400000|  0%| F|  |TAMS 0x0000000708200000, 0x0000000708200000| Untracked 
|  66|0x0000000708400000, 0x0000000708400000, 0x0000000708600000|  0%| F|  |TAMS 0x0000000708400000, 0x0000000708400000| Untracked 
|  67|0x0000000708600000, 0x0000000708600000, 0x0000000708800000|  0%| F|  |TAMS 0x0000000708600000, 0x0000000708600000| Untracked 
|  68|0x0000000708800000, 0x0000000708800000, 0x0000000708a00000|  0%| F|  |TAMS 0x0000000708800000, 0x0000000708800000| Untracked 
|  69|0x0000000708a00000, 0x0000000708a00000, 0x0000000708c00000|  0%| F|  |TAMS 0x0000000708a00000, 0x0000000708a00000| Untracked 
|  70|0x0000000708c00000, 0x0000000708c00000, 0x0000000708e00000|  0%| F|  |TAMS 0x0000000708c00000, 0x0000000708c00000| Untracked 
|  71|0x0000000708e00000, 0x0000000708e00000, 0x0000000709000000|  0%| F|  |TAMS 0x0000000708e00000, 0x0000000708e00000| Untracked 
|  72|0x0000000709000000, 0x0000000709000000, 0x0000000709200000|  0%| F|  |TAMS 0x0000000709000000, 0x0000000709000000| Untracked 
|  73|0x0000000709200000, 0x0000000709200000, 0x0000000709400000|  0%| F|  |TAMS 0x0000000709200000, 0x0000000709200000| Untracked 
|  74|0x0000000709400000, 0x0000000709400000, 0x0000000709600000|  0%| F|  |TAMS 0x0000000709400000, 0x0000000709400000| Untracked 
|  75|0x0000000709600000, 0x0000000709600000, 0x0000000709800000|  0%| F|  |TAMS 0x0000000709600000, 0x0000000709600000| Untracked 
|  76|0x0000000709800000, 0x0000000709800000, 0x0000000709a00000|  0%| F|  |TAMS 0x0000000709800000, 0x0000000709800000| Untracked 
|  77|0x0000000709a00000, 0x0000000709a00000, 0x0000000709c00000|  0%| F|  |TAMS 0x0000000709a00000, 0x0000000709a00000| Untracked 
|  78|0x0000000709c00000, 0x0000000709c00000, 0x0000000709e00000|  0%| F|  |TAMS 0x0000000709c00000, 0x0000000709c00000| Untracked 
|  79|0x0000000709e00000, 0x0000000709e00000, 0x000000070a000000|  0%| F|  |TAMS 0x0000000709e00000, 0x0000000709e00000| Untracked 
|  80|0x000000070a000000, 0x000000070a000000, 0x000000070a200000|  0%| F|  |TAMS 0x000000070a000000, 0x000000070a000000| Untracked 
|  81|0x000000070a200000, 0x000000070a200000, 0x000000070a400000|  0%| F|  |TAMS 0x000000070a200000, 0x000000070a200000| Untracked 
|  82|0x000000070a400000, 0x000000070a400000, 0x000000070a600000|  0%| F|  |TAMS 0x000000070a400000, 0x000000070a400000| Untracked 
|  83|0x000000070a600000, 0x000000070a600000, 0x000000070a800000|  0%| F|  |TAMS 0x000000070a600000, 0x000000070a600000| Untracked 
|  84|0x000000070a800000, 0x000000070a800000, 0x000000070aa00000|  0%| F|  |TAMS 0x000000070a800000, 0x000000070a800000| Untracked 
|  85|0x000000070aa00000, 0x000000070aa00000, 0x000000070ac00000|  0%| F|  |TAMS 0x000000070aa00000, 0x000000070aa00000| Untracked 
|  86|0x000000070ac00000, 0x000000070ac00000, 0x000000070ae00000|  0%| F|  |TAMS 0x000000070ac00000, 0x000000070ac00000| Untracked 
|  87|0x000000070ae00000, 0x000000070ae00000, 0x000000070b000000|  0%| F|  |TAMS 0x000000070ae00000, 0x000000070ae00000| Untracked 
|  88|0x000000070b000000, 0x000000070b000000, 0x000000070b200000|  0%| F|  |TAMS 0x000000070b000000, 0x000000070b000000| Untracked 
|  89|0x000000070b200000, 0x000000070b200000, 0x000000070b400000|  0%| F|  |TAMS 0x000000070b200000, 0x000000070b200000| Untracked 
|  90|0x000000070b400000, 0x000000070b400000, 0x000000070b600000|  0%| F|  |TAMS 0x000000070b400000, 0x000000070b400000| Untracked 
|  91|0x000000070b600000, 0x000000070b600000, 0x000000070b800000|  0%| F|  |TAMS 0x000000070b600000, 0x000000070b600000| Untracked 
|  92|0x000000070b800000, 0x000000070b800000, 0x000000070ba00000|  0%| F|  |TAMS 0x000000070b800000, 0x000000070b800000| Untracked 
|  93|0x000000070ba00000, 0x000000070ba00000, 0x000000070bc00000|  0%| F|  |TAMS 0x000000070ba00000, 0x000000070ba00000| Untracked 
|  94|0x000000070bc00000, 0x000000070bc00000, 0x000000070be00000|  0%| F|  |TAMS 0x000000070bc00000, 0x000000070bc00000| Untracked 
|  95|0x000000070be00000, 0x000000070be00000, 0x000000070c000000|  0%| F|  |TAMS 0x000000070be00000, 0x000000070be00000| Untracked 
|  96|0x000000070c000000, 0x000000070c200000, 0x000000070c200000|100%| S|CS|TAMS 0x000000070c000000, 0x000000070c000000| Complete 
|  97|0x000000070c200000, 0x000000070c200000, 0x000000070c400000|  0%| F|  |TAMS 0x000000070c200000, 0x000000070c200000| Untracked 
|  98|0x000000070c400000, 0x000000070c400000, 0x000000070c600000|  0%| F|  |TAMS 0x000000070c400000, 0x000000070c400000| Untracked 

Card table byte_map: [0x00000235a9aa0000,0x00000235aa2a0000] _byte_map_base: 0x00000235a62a0000

Marking Bits (Prev, Next): (CMBitMap*) 0x0000023596c2d510, (CMBitMap*) 0x0000023596c2d550
 Prev Bits: [0x00000235aaaa0000, 0x00000235aeaa0000)
 Next Bits: [0x00000235aeaa0000, 0x00000235b2aa0000)

Polling page: 0x0000023594ab0000

Metaspace:

Usage:
  Non-class:     11.58 MB used.
      Class:      1.10 MB used.
       Both:     12.68 MB used.

Virtual space:
  Non-class space:       16.00 MB reserved,      11.69 MB ( 73%) committed,  2 nodes.
      Class space:        1.00 GB reserved,       1.12 MB ( <1%) committed,  1 nodes.
             Both:        1.02 GB reserved,      12.81 MB (  1%) committed. 

Chunk freelists:
   Non-Class:  254.00 KB
       Class:  2.75 MB
        Both:  3.00 MB

MaxMetaspaceSize: unlimited
CompressedClassSpaceSize: 1.00 GB
Initial GC threshold: 21.00 MB
Current GC threshold: 21.38 MB
CDS: off
MetaspaceReclaimPolicy: balanced
 - commit_granule_bytes: 65536.
 - commit_granule_words: 8192.
 - virtual_space_node_default_size: 1048576.
 - enlarge_chunks_in_place: 1.
 - new_chunks_are_fully_committed: 0.
 - uncommit_free_chunks: 1.
 - use_allocation_guard: 0.
 - handle_deallocations: 1.


Internal statistics:

num_allocs_failed_limit: 0.
num_arena_births: 68.
num_arena_deaths: 0.
num_vsnodes_births: 3.
num_vsnodes_deaths: 0.
num_space_committed: 203.
num_space_uncommitted: 0.
num_chunks_returned_to_freelist: 0.
num_chunks_taken_from_freelist: 147.
num_chunk_merges: 0.
num_chunk_splits: 89.
num_chunks_enlarged: 56.
num_purges: 0.
num_inconsistent_stats: 0.

CodeHeap 'non-profiled nmethods': size=120000Kb used=485Kb max_used=485Kb free=119514Kb
 bounds [0x00000235a1d70000, 0x00000235a1fe0000, 0x00000235a92a0000]
CodeHeap 'profiled nmethods': size=120000Kb used=1474Kb max_used=1474Kb free=118525Kb
 bounds [0x000002359a840000, 0x000002359aab0000, 0x00000235a1d70000]
CodeHeap 'non-nmethods': size=5760Kb used=1283Kb max_used=1297Kb free=4477Kb
 bounds [0x000002359a2a0000, 0x000002359a510000, 0x000002359a840000]
 total_blobs=1513 nmethods=896 adapters=531
 compilation: enabled
              stopped_count=0, restarted_count=0
 full_count=0

Compilation events (20 events):
Event: 6.941 Thread 0x00000235b4fc4280 nmethod 891 0x00000235a1de6090 code [0x00000235a1de6200, 0x00000235a1de6298]
Event: 6.944 Thread 0x00000235b4fc4280  897       4       sun.awt.image.SunWritableRaster::markDirty (8 bytes)
Event: 6.945 Thread 0x00000235b4fc4280 nmethod 897 0x00000235a1de6390 code [0x00000235a1de6500, 0x00000235a1de65d8]
Event: 6.949 Thread 0x00000235b5960c10 nmethod 895 0x000002359a9a2210 code [0x000002359a9a2d40, 0x000002359a9a8008]
Event: 6.949 Thread 0x00000235b5960c10  896       3       sun.awt.image.ByteInterleavedRaster::setDataElements (116 bytes)
Event: 6.949 Thread 0x00000235b4fc4280  898       4       java.awt.image.ComponentColorModel::getDataElements (3175 bytes)
Event: 6.949 Thread 0x00000235b5960c10 nmethod 896 0x000002359a9aa390 code [0x000002359a9aa580, 0x000002359a9aaba8]
Event: 6.949 Thread 0x00000235b5960c10  894       2       sun.java2d.StateTrackableDelegate::markDirty (6 bytes)
Event: 6.950 Thread 0x00000235b5960c10 nmethod 894 0x000002359a9aae10 code [0x000002359a9aafa0, 0x000002359a9ab0d8]
Event: 6.963 Thread 0x00000235b4fc4280 nmethod 898 0x00000235a1de6690 code [0x00000235a1de6840, 0x00000235a1de6e18]
Event: 6.963 Thread 0x00000235b4fc4280  899       4       sun.awt.image.ByteInterleavedRaster::setDataElements (116 bytes)
Event: 6.974 Thread 0x00000235b4fc4280 nmethod 899 0x00000235a1de7290 code [0x00000235a1de7420, 0x00000235a1de7798]
Event: 7.073 Thread 0x00000235b5960c10  900 %     3       sun.java2d.loops.OpaqueCopyArgbToAny::Blit @ 172 (232 bytes)
Event: 7.074 Thread 0x00000235b5960c10 nmethod 900% 0x000002359a9ab190 code [0x000002359a9ab440, 0x000002359a9ac758]
Event: 7.075 Thread 0x00000235b5960c10  901       3       sun.java2d.loops.OpaqueCopyArgbToAny::Blit (232 bytes)
Event: 7.076 Thread 0x00000235b5960c10 nmethod 901 0x000002359a9acf90 code [0x000002359a9ad220, 0x000002359a9ae138]
Event: 7.315 Thread 0x00000235b5960c10  902 %     3       org.VoxelTest.entities.Camera$1::run @ 98 (309 bytes)
Event: 7.319 Thread 0x00000235b5960c10 nmethod 902% 0x000002359a9ae810 code [0x000002359a9aebc0, 0x000002359a9b00b8]
Event: 7.331 Thread 0x00000235b4fc4280  903 %     4       org.VoxelTest.entities.Camera$1::run @ 98 (309 bytes)
Event: 7.380 Thread 0x00000235b4fc4280 nmethod 903% 0x00000235a1de7a10 code [0x00000235a1de7c40, 0x00000235a1de8eb8]

GC Heap History (20 events):
Event: 4.261 GC heap after
{Heap after GC invocations=8 (full 0):
 garbage-first heap   total 116736K, used 32481K [0x0000000700000000, 0x0000000800000000)
  region size 2048K, 2 young (4096K), 2 survivors (4096K)
 Metaspace       used 10978K, committed 11072K, reserved 1064960K
  class space    used 925K, committed 960K, reserved 1048576K
}
Event: 4.931 GC heap before
{Heap before GC invocations=8 (full 0):
 garbage-first heap   total 116736K, used 67297K [0x0000000700000000, 0x0000000800000000)
  region size 2048K, 20 young (40960K), 2 survivors (4096K)
 Metaspace       used 11093K, committed 11264K, reserved 1064960K
  class space    used 938K, committed 1024K, reserved 1048576K
}
Event: 4.950 GC heap after
{Heap after GC invocations=9 (full 0):
 garbage-first heap   total 116736K, used 41822K [0x0000000700000000, 0x0000000800000000)
  region size 2048K, 3 young (6144K), 3 survivors (6144K)
 Metaspace       used 11093K, committed 11264K, reserved 1064960K
  class space    used 938K, committed 1024K, reserved 1048576K
}
Event: 5.265 GC heap before
{Heap before GC invocations=9 (full 0):
 garbage-first heap   total 116736K, used 70494K [0x0000000700000000, 0x0000000800000000)
  region size 2048K, 18 young (36864K), 3 survivors (6144K)
 Metaspace       used 11093K, committed 11264K, reserved 1064960K
  class space    used 938K, committed 1024K, reserved 1048576K
}
Event: 5.291 GC heap after
{Heap after GC invocations=10 (full 0):
 garbage-first heap   total 116736K, used 53766K [0x0000000700000000, 0x0000000800000000)
  region size 2048K, 3 young (6144K), 3 survivors (6144K)
 Metaspace       used 11093K, committed 11264K, reserved 1064960K
  class space    used 938K, committed 1024K, reserved 1048576K
}
Event: 5.665 GC heap before
{Heap before GC invocations=10 (full 0):
 garbage-first heap   total 116736K, used 72198K [0x0000000700000000, 0x0000000800000000)
  region size 2048K, 13 young (26624K), 3 survivors (6144K)
 Metaspace       used 11114K, committed 11264K, reserved 1064960K
  class space    used 940K, committed 1024K, reserved 1048576K
}
Event: 5.676 GC heap after
{Heap after GC invocations=11 (full 0):
 garbage-first heap   total 116736K, used 61440K [0x0000000700000000, 0x0000000800000000)
  region size 2048K, 2 young (4096K), 2 survivors (4096K)
 Metaspace       used 11114K, committed 11264K, reserved 1064960K
  class space    used 940K, committed 1024K, reserved 1048576K
}
Event: 5.715 GC heap before
{Heap before GC invocations=11 (full 0):
 garbage-first heap   total 116736K, used 77824K [0x0000000700000000, 0x0000000800000000)
  region size 2048K, 11 young (22528K), 2 survivors (4096K)
 Metaspace       used 11121K, committed 11264K, reserved 1064960K
  class space    used 942K, committed 1024K, reserved 1048576K
}
Event: 5.730 GC heap after
{Heap after GC invocations=12 (full 0):
 garbage-first heap   total 194560K, used 70613K [0x0000000700000000, 0x0000000800000000)
  region size 2048K, 2 young (4096K), 2 survivors (4096K)
 Metaspace       used 11121K, committed 11264K, reserved 1064960K
  class space    used 942K, committed 1024K, reserved 1048576K
}
Event: 6.638 GC heap before
{Heap before GC invocations=13 (full 0):
 garbage-first heap   total 194560K, used 115669K [0x0000000700000000, 0x0000000800000000)
  region size 2048K, 25 young (51200K), 2 survivors (4096K)
 Metaspace       used 12319K, committed 12480K, reserved 1064960K
  class space    used 1058K, committed 1088K, reserved 1048576K
}
Event: 6.670 GC heap after
{Heap after GC invocations=14 (full 0):
 garbage-first heap   total 194560K, used 88328K [0x0000000700000000, 0x0000000800000000)
  region size 2048K, 4 young (8192K), 4 survivors (8192K)
 Metaspace       used 12319K, committed 12480K, reserved 1064960K
  class space    used 1058K, committed 1088K, reserved 1048576K
}
Event: 6.674 GC heap before
{Heap before GC invocations=14 (full 0):
 garbage-first heap   total 194560K, used 90376K [0x0000000700000000, 0x0000000800000000)
  region size 2048K, 5 young (10240K), 4 survivors (8192K)
 Metaspace       used 12356K, committed 12480K, reserved 1064960K
  class space    used 1058K, committed 1088K, reserved 1048576K
}
Event: 6.687 GC heap after
{Heap after GC invocations=15 (full 0):
 garbage-first heap   total 194560K, used 89277K [0x0000000700000000, 0x0000000800000000)
  region size 2048K, 1 young (2048K), 1 survivors (2048K)
 Metaspace       used 12356K, committed 12480K, reserved 1064960K
  class space    used 1058K, committed 1088K, reserved 1048576K
}
Event: 6.894 GC heap before
{Heap before GC invocations=15 (full 0):
 garbage-first heap   total 194560K, used 126141K [0x0000000700000000, 0x0000000800000000)
  region size 2048K, 20 young (40960K), 1 survivors (2048K)
 Metaspace       used 12949K, committed 13120K, reserved 1064960K
  class space    used 1123K, committed 1152K, reserved 1048576K
}
Event: 6.910 GC heap after
{Heap after GC invocations=16 (full 0):
 garbage-first heap   total 194560K, used 105275K [0x0000000700000000, 0x0000000800000000)
  region size 2048K, 3 young (6144K), 3 survivors (6144K)
 Metaspace       used 12949K, committed 13120K, reserved 1064960K
  class space    used 1123K, committed 1152K, reserved 1048576K
}
Event: 7.294 GC heap before
{Heap before GC invocations=16 (full 0):
 garbage-first heap   total 194560K, used 133947K [0x0000000700000000, 0x0000000800000000)
  region size 2048K, 18 young (36864K), 3 survivors (6144K)
 Metaspace       used 12982K, committed 13120K, reserved 1064960K
  class space    used 1125K, committed 1152K, reserved 1048576K
}
Event: 7.313 GC heap after
{Heap after GC invocations=17 (full 0):
 garbage-first heap   total 194560K, used 118190K [0x0000000700000000, 0x0000000800000000)
  region size 2048K, 3 young (6144K), 3 survivors (6144K)
 Metaspace       used 12982K, committed 13120K, reserved 1064960K
  class space    used 1125K, committed 1152K, reserved 1048576K
}
Event: 7.511 GC heap before
{Heap before GC invocations=18 (full 0):
 garbage-first heap   total 202752K, used 138670K [0x0000000700000000, 0x0000000800000000)
  region size 2048K, 14 young (28672K), 3 survivors (6144K)
 Metaspace       used 12982K, committed 13120K, reserved 1064960K
  class space    used 1125K, committed 1152K, reserved 1048576K
}
Event: 7.526 GC heap after
{Heap after GC invocations=19 (full 0):
 garbage-first heap   total 202752K, used 127951K [0x0000000700000000, 0x0000000800000000)
  region size 2048K, 2 young (4096K), 2 survivors (4096K)
 Metaspace       used 12982K, committed 13120K, reserved 1064960K
  class space    used 1125K, committed 1152K, reserved 1048576K
}
Event: 7.528 GC heap before
{Heap before GC invocations=19 (full 0):
 garbage-first heap   total 202752K, used 129999K [0x0000000700000000, 0x0000000800000000)
  region size 2048K, 4 young (8192K), 2 survivors (4096K)
 Metaspace       used 12982K, committed 13120K, reserved 1064960K
  class space    used 1125K, committed 1152K, reserved 1048576K
}

Deoptimization events (20 events):
Event: 5.691 Thread 0x00000235bb9da9e0 DEOPT PACKING pc=0x000002359a9787da sp=0x0000007711bff070
Event: 5.691 Thread 0x00000235bb9da9e0 DEOPT UNPACKING pc=0x000002359a2f2b24 sp=0x0000007711bfe4e8 mode 0
Event: 5.889 Thread 0x0000023596bdece0 Uncommon trap: trap_request=0xffffff45 fr.pc=0x00000235a1dde284 relative=0x0000000000000184
Event: 5.889 Thread 0x0000023596bdece0 Uncommon trap: reason=unstable_if action=reinterpret pc=0x00000235a1dde284 method=java.lang.String.equals(Ljava/lang/Object;)Z @ 33 c2
Event: 5.889 Thread 0x0000023596bdece0 DEOPT PACKING pc=0x00000235a1dde284 sp=0x00000077101fd450
Event: 5.889 Thread 0x0000023596bdece0 DEOPT UNPACKING pc=0x000002359a2f239d sp=0x00000077101fd3f0 mode 2
Event: 5.889 Thread 0x0000023596bdece0 Uncommon trap: trap_request=0xffffff45 fr.pc=0x00000235a1db8f00 relative=0x00000000000003e0
Event: 5.889 Thread 0x0000023596bdece0 Uncommon trap: reason=unstable_if action=reinterpret pc=0x00000235a1db8f00 method=java.lang.AbstractStringBuilder.putStringAt(ILjava/lang/String;II)V @ 8 c2
Event: 5.889 Thread 0x0000023596bdece0 DEOPT PACKING pc=0x00000235a1db8f00 sp=0x00000077101fd3e0
Event: 5.889 Thread 0x0000023596bdece0 DEOPT UNPACKING pc=0x000002359a2f239d sp=0x00000077101fd278 mode 2
Event: 5.889 Thread 0x0000023596bdece0 Uncommon trap: trap_request=0xffffff45 fr.pc=0x00000235a1d990bc relative=0x000000000000031c
Event: 5.889 Thread 0x0000023596bdece0 Uncommon trap: reason=unstable_if action=reinterpret pc=0x00000235a1d990bc method=java.lang.AbstractStringBuilder.isLatin1()Z @ 10 c2
Event: 5.889 Thread 0x0000023596bdece0 DEOPT PACKING pc=0x00000235a1d990bc sp=0x00000077101fd400
Event: 5.889 Thread 0x0000023596bdece0 DEOPT UNPACKING pc=0x000002359a2f239d sp=0x00000077101fd380 mode 2
Event: 7.122 Thread 0x00000235bb9bc6e0 Uncommon trap: trap_request=0xffffff45 fr.pc=0x00000235a1db5e08 relative=0x0000000000001048
Event: 7.281 Thread 0x00000235bb9bc6e0 Uncommon trap: reason=unstable_if action=reinterpret pc=0x00000235a1db5e08 method=org.VoxelTest.entities.Camera$1.run()V @ 133 c2
Event: 7.315 Thread 0x00000235bb9bc6e0 DEOPT PACKING pc=0x00000235a1db5e08 sp=0x0000007711dff4d0
Event: 7.315 Thread 0x00000235bb9bc6e0 DEOPT UNPACKING pc=0x000002359a2f239d sp=0x0000007711dff4c0 mode 2
Event: 7.503 Thread 0x00000235bb9bc6e0 DEOPT PACKING pc=0x000002359a9afc8a sp=0x0000007711dff4b0
Event: 7.503 Thread 0x00000235bb9bc6e0 DEOPT UNPACKING pc=0x000002359a2f2b24 sp=0x0000007711dfe9a8 mode 0

Classes unloaded (0 events):
No events

Classes redefined (0 events):
No events

Internal exceptions (6 events):
Event: 2.209 Thread 0x0000023596bdece0 Exception <a 'java/lang/ClassNotFoundException'{0x0000000703c0bed0}: sun/awt/resources/spi/awtProvider> (0x0000000703c0bed0) 
thrown [e:\jenkins\tmp\workspace\build\src\src\hotspot\share\classfile\systemDictionary.cpp, line 256]
Event: 2.759 Thread 0x0000023596bdece0 Exception <a 'java/io/FileNotFoundException'{0x00000007034d2cb8}> (0x00000007034d2cb8) 
thrown [e:\jenkins\tmp\workspace\build\src\src\hotspot\share\prims\jni.cpp, line 516]
Event: 3.117 Thread 0x0000023596bdece0 Exception <a 'java/io/FileNotFoundException'{0x0000000702e385b0}> (0x0000000702e385b0) 
thrown [e:\jenkins\tmp\workspace\build\src\src\hotspot\share\prims\jni.cpp, line 516]
Event: 3.726 Thread 0x0000023596bdece0 Exception <a 'java/lang/NoSuchMethodError'{0x0000000703610280}: 'java.lang.Object java.lang.invoke.DirectMethodHandle$Holder.invokeStaticInit(java.lang.Object, int, int, int, int)'> (0x0000000703610280) 
thrown [e:\jenkins\tmp\workspace\build\src\src\hotspot\share\interpreter\linkResolver.cpp, line 766]
Event: 5.900 Thread 0x0000023596bdece0 Exception <a 'java/lang/NoSuchMethodError'{0x000000070bbaa208}: 'java.lang.Object java.lang.invoke.DirectMethodHandle$Holder.invokeStaticInit(java.lang.Object, java.lang.Object, int, int, int, int)'> (0x000000070bbaa208) 
thrown [e:\jenkins\tmp\workspace\build\src\src\hotspot\share\interpreter\linkResolver.cpp, line 766]
Event: 6.027 Thread 0x0000023596bdece0 Exception <a 'java/lang/NoSuchMethodError'{0x000000070af6e920}: 'java.lang.Object java.lang.invoke.DirectMethodHandle$Holder.invokeStaticInit(java.lang.Object)'> (0x000000070af6e920) 
thrown [e:\jenkins\tmp\workspace\build\src\src\hotspot\share\interpreter\linkResolver.cpp, line 766]

VM Operations (20 events):
Event: 5.743 Executing VM operation: G1CollectForAllocation done
Event: 5.863 Executing VM operation: G1Concurrent
Event: 5.876 Executing VM operation: G1Concurrent done
Event: 5.953 Executing VM operation: G1Concurrent
Event: 6.000 Executing VM operation: G1Concurrent done
Event: 6.479 Executing VM operation: G1CollectForAllocation
Event: 6.670 Executing VM operation: G1CollectForAllocation done
Event: 6.673 Executing VM operation: G1CollectForAllocation
Event: 6.687 Executing VM operation: G1CollectForAllocation done
Event: 6.821 Executing VM operation: G1CollectForAllocation
Event: 6.913 Executing VM operation: G1CollectForAllocation done
Event: 7.143 Executing VM operation: G1CollectForAllocation
Event: 7.314 Executing VM operation: G1CollectForAllocation done
Event: 7.328 Executing VM operation: G1Concurrent
Event: 7.333 Executing VM operation: G1Concurrent done
Event: 7.466 Executing VM operation: G1Concurrent
Event: 7.502 Executing VM operation: G1Concurrent done
Event: 7.511 Executing VM operation: G1CollectForAllocation
Event: 7.526 Executing VM operation: G1CollectForAllocation done
Event: 7.528 Executing VM operation: G1CollectForAllocation

Events (20 events):
Event: 6.815 loading class sun/awt/image/BufferedImageDevice
Event: 6.815 loading class java/awt/GraphicsDevice
Event: 6.815 loading class java/awt/GraphicsDevice done
Event: 6.815 loading class sun/awt/image/BufferedImageDevice done
Event: 6.815 loading class java/awt/image/MultiResolutionImage
Event: 6.816 loading class java/awt/image/MultiResolutionImage done
Event: 6.816 loading class sun/awt/image/ToolkitImage
Event: 6.816 loading class sun/awt/image/ToolkitImage done
Event: 6.816 loading class sun/java2d/DefaultDisposerRecord
Event: 6.816 loading class sun/java2d/DefaultDisposerRecord done
Event: 6.817 loading class java/awt/image/DataBufferInt
Event: 6.817 loading class java/awt/image/DataBufferInt done
Event: 6.817 loading class java/awt/image/SinglePixelPackedSampleModel
Event: 6.818 loading class java/awt/image/SinglePixelPackedSampleModel done
Event: 6.818 loading class sun/awt/image/IntegerInterleavedRaster
Event: 6.818 loading class sun/awt/image/IntegerInterleavedRaster done
Event: 6.917 loading class sun/java2d/pipe/RegionSpanIterator
Event: 6.917 loading class sun/java2d/pipe/SpanIterator
Event: 6.917 loading class sun/java2d/pipe/SpanIterator done
Event: 6.918 loading class sun/java2d/pipe/RegionSpanIterator done


Dynamic libraries:
0x00007ff6d0f00000 - 0x00007ff6d0f0e000 	C:\Users\luni1\.p2\pool\plugins\org.eclipse.justj.openjdk.hotspot.jre.full.win32.x86_64_17.0.2.v20220201-1208\jre\bin\javaw.exe
0x00007fff42fd0000 - 0x00007fff431c8000 	C:\windows\SYSTEM32\ntdll.dll
0x00007fff41bb0000 - 0x00007fff41c6f000 	C:\windows\System32\KERNEL32.DLL
0x00007fff40930000 - 0x00007fff40c02000 	C:\windows\System32\KERNELBASE.dll
0x00007fff40ed0000 - 0x00007fff40fd0000 	C:\windows\System32\ucrtbase.dll
0x00007fff1a820000 - 0x00007fff1a838000 	C:\Users\luni1\.p2\pool\plugins\org.eclipse.justj.openjdk.hotspot.jre.full.win32.x86_64_17.0.2.v20220201-1208\jre\bin\jli.dll
0x00007fff42200000 - 0x00007fff423a1000 	C:\windows\System32\USER32.dll
0x00007fff40e10000 - 0x00007fff40e32000 	C:\windows\System32\win32u.dll
0x00007fff41f40000 - 0x00007fff41f6b000 	C:\windows\System32\GDI32.dll
0x00007fff40820000 - 0x00007fff4092f000 	C:\windows\System32\gdi32full.dll
0x00007fff40c10000 - 0x00007fff40cad000 	C:\windows\System32\msvcp_win.dll
0x00007fff1b160000 - 0x00007fff1b179000 	C:\Users\luni1\.p2\pool\plugins\org.eclipse.justj.openjdk.hotspot.jre.full.win32.x86_64_17.0.2.v20220201-1208\jre\bin\VCRUNTIME140.dll
0x00007fff2dae0000 - 0x00007fff2dd7a000 	C:\windows\WinSxS\amd64_microsoft.windows.common-controls_6595b64144ccf1df_6.0.19041.1110_none_60b5254171f9507e\COMCTL32.dll
0x00007fff41930000 - 0x00007fff419ce000 	C:\windows\System32\msvcrt.dll
0x00007fff420a0000 - 0x00007fff420d0000 	C:\windows\System32\IMM32.DLL
0x00007fff36990000 - 0x00007fff3699c000 	C:\Users\luni1\.p2\pool\plugins\org.eclipse.justj.openjdk.hotspot.jre.full.win32.x86_64_17.0.2.v20220201-1208\jre\bin\vcruntime140_1.dll
0x00007fff17700000 - 0x00007fff17791000 	C:\Users\luni1\.p2\pool\plugins\org.eclipse.justj.openjdk.hotspot.jre.full.win32.x86_64_17.0.2.v20220201-1208\jre\bin\msvcp140.dll
0x00007ffef39e0000 - 0x00007ffef4627000 	C:\Users\luni1\.p2\pool\plugins\org.eclipse.justj.openjdk.hotspot.jre.full.win32.x86_64_17.0.2.v20220201-1208\jre\bin\server\jvm.dll
0x00007fff41b00000 - 0x00007fff41bae000 	C:\windows\System32\ADVAPI32.dll
0x00007fff41a50000 - 0x00007fff41aec000 	C:\windows\System32\sechost.dll
0x00007fff41800000 - 0x00007fff41924000 	C:\windows\System32\RPCRT4.dll
0x00007fff41af0000 - 0x00007fff41af8000 	C:\windows\System32\PSAPI.DLL
0x00007fff31ca0000 - 0x00007fff31ca9000 	C:\windows\SYSTEM32\WSOCK32.dll
0x00007fff41ed0000 - 0x00007fff41f3b000 	C:\windows\System32\WS2_32.dll
0x00007fff31cb0000 - 0x00007fff31cd7000 	C:\windows\SYSTEM32\WINMM.dll
0x00007fff36080000 - 0x00007fff3608a000 	C:\windows\SYSTEM32\VERSION.dll
0x00007fff3ef20000 - 0x00007fff3ef32000 	C:\windows\SYSTEM32\kernel.appcore.dll
0x00007fff35710000 - 0x00007fff3571a000 	C:\Users\luni1\.p2\pool\plugins\org.eclipse.justj.openjdk.hotspot.jre.full.win32.x86_64_17.0.2.v20220201-1208\jre\bin\jimage.dll
0x00007fff3ec30000 - 0x00007fff3ee14000 	C:\windows\SYSTEM32\DBGHELP.DLL
0x00007fff34f70000 - 0x00007fff34fa5000 	C:\windows\SYSTEM32\dbgcore.DLL
0x00007fff40e40000 - 0x00007fff40ec2000 	C:\windows\System32\bcryptPrimitives.dll
0x00007fff19e10000 - 0x00007fff19e35000 	C:\Users\luni1\.p2\pool\plugins\org.eclipse.justj.openjdk.hotspot.jre.full.win32.x86_64_17.0.2.v20220201-1208\jre\bin\java.dll
0x00007fff19df0000 - 0x00007fff19e08000 	C:\Users\luni1\.p2\pool\plugins\org.eclipse.justj.openjdk.hotspot.jre.full.win32.x86_64_17.0.2.v20220201-1208\jre\bin\zip.dll
0x00007fff41050000 - 0x00007fff41795000 	C:\windows\System32\SHELL32.dll
0x00007fff3e3c0000 - 0x00007fff3eb52000 	C:\windows\SYSTEM32\windows.storage.dll
0x00007fff42410000 - 0x00007fff42765000 	C:\windows\System32\combase.dll
0x00007fff400c0000 - 0x00007fff400f0000 	C:\windows\SYSTEM32\Wldp.dll
0x00007fff42e70000 - 0x00007fff42f1d000 	C:\windows\System32\SHCORE.dll
0x00007fff42f30000 - 0x00007fff42f85000 	C:\windows\System32\shlwapi.dll
0x00007fff40610000 - 0x00007fff4062f000 	C:\windows\SYSTEM32\profapi.dll
0x00007fff19dd0000 - 0x00007fff19de9000 	C:\Users\luni1\.p2\pool\plugins\org.eclipse.justj.openjdk.hotspot.jre.full.win32.x86_64_17.0.2.v20220201-1208\jre\bin\net.dll
0x00007fff337b0000 - 0x00007fff338ba000 	C:\windows\SYSTEM32\WINHTTP.dll
0x00007fff3fe20000 - 0x00007fff3fe8a000 	C:\windows\system32\mswsock.dll
0x00007fff19ce0000 - 0x00007fff19cf5000 	C:\Users\luni1\.p2\pool\plugins\org.eclipse.justj.openjdk.hotspot.jre.full.win32.x86_64_17.0.2.v20220201-1208\jre\bin\nio.dll
0x00007fff34240000 - 0x00007fff34250000 	C:\Users\luni1\.p2\pool\plugins\org.eclipse.justj.openjdk.hotspot.jre.full.win32.x86_64_17.0.2.v20220201-1208\jre\bin\verify.dll
0x0000000180000000 - 0x0000000180051000 	C:\Users\luni1\workspace\VoxelEngine\libraries\native\windows\lwjgl64.dll
0x00007fff0e5b0000 - 0x00007fff0e6d5000 	C:\windows\SYSTEM32\OPENGL32.dll
0x00007fff0f230000 - 0x00007fff0f25c000 	C:\windows\SYSTEM32\GLU32.dll
0x00007fff3b050000 - 0x00007fff3b0fe000 	C:\windows\SYSTEM32\mscms.dll
0x00007fff40590000 - 0x00007fff405be000 	C:\windows\SYSTEM32\USERENV.dll
0x00007fff3ae70000 - 0x00007fff3ae81000 	C:\windows\SYSTEM32\ColorAdapterClient.dll
0x00007fff420d0000 - 0x00007fff4219d000 	C:\windows\System32\OLEAUT32.dll
0x00007fff41e20000 - 0x00007fff41ec9000 	C:\windows\System32\clbcatq.dll
0x00007fff220b0000 - 0x00007fff220f3000 	C:\Windows\System32\Windows.Internal.Graphics.Display.DisplayColorManagement.dll
0x00007fff40fd0000 - 0x00007fff4101e000 	C:\windows\System32\cfgmgr32.dll
0x00007fff3dd10000 - 0x00007fff3ddae000 	C:\windows\system32\uxtheme.dll
0x00007fff41c70000 - 0x00007fff41d84000 	C:\windows\System32\MSCTF.dll
0x00007fff35d70000 - 0x00007fff35e69000 	C:\Windows\System32\AppXDeploymentClient.dll
0x00007ffee8430000 - 0x00007ffee949b000 	C:\Windows\System32\DriverStore\FileRepository\iigd_dch.inf_amd64_acf450836b32b94b\ig11icd64.dll
0x00007fff41f70000 - 0x00007fff4209a000 	C:\windows\System32\ole32.dll
0x00007fff3e000000 - 0x00007fff3e02f000 	C:\windows\system32\dwmapi.dll
0x00007fff3f0b0000 - 0x00007fff3f1a3000 	C:\windows\system32\dxgi.dll
0x00007ffef5a00000 - 0x00007ffef5e07000 	C:\Windows\System32\DriverStore\FileRepository\iigd_dch.inf_amd64_acf450836b32b94b\igdml64.dll
0x00007fff1ffa0000 - 0x00007fff2024a000 	C:\Windows\System32\DriverStore\FileRepository\iigd_dch.inf_amd64_acf450836b32b94b\igdgmm64.dll
0x00007fff240f0000 - 0x00007fff241e9000 	C:\windows\SYSTEM32\textinputframework.dll
0x00007fff3d330000 - 0x00007fff3d68e000 	C:\windows\System32\CoreUIComponents.dll
0x00007fff3d690000 - 0x00007fff3d782000 	C:\windows\System32\CoreMessaging.dll
0x00007fff3cc20000 - 0x00007fff3cd74000 	C:\windows\SYSTEM32\wintypes.dll
0x00007fff3f7f0000 - 0x00007fff3f823000 	C:\windows\SYSTEM32\ntmarta.dll
0x00007fff18510000 - 0x00007fff18576000 	C:\windows\system32\Oleacc.dll
0x00007fff1c280000 - 0x00007fff1c2c3000 	C:\windows\SYSTEM32\icm32.dll
0x00007fff1d260000 - 0x00007fff1fdef000 	C:\Windows\System32\DriverStore\FileRepository\iigd_dch.inf_amd64_acf450836b32b94b\igc64.dll
0x00007fff40180000 - 0x00007fff401cb000 	C:\windows\SYSTEM32\powrprof.dll
0x00007fff400f0000 - 0x00007fff40102000 	C:\windows\SYSTEM32\UMPDC.dll
0x00007fff05230000 - 0x00007fff053be000 	C:\Users\luni1\.p2\pool\plugins\org.eclipse.justj.openjdk.hotspot.jre.full.win32.x86_64_17.0.2.v20220201-1208\jre\bin\awt.dll
0x00007fff3db30000 - 0x00007fff3dbc0000 	C:\windows\SYSTEM32\apphelp.dll
0x00007fff40020000 - 0x00007fff40038000 	C:\windows\SYSTEM32\CRYPTSP.dll
0x00007fff3f6d0000 - 0x00007fff3f704000 	C:\windows\system32\rsaenh.dll
0x00007fff407f0000 - 0x00007fff40817000 	C:\windows\System32\bcrypt.dll
0x00007fff40010000 - 0x00007fff4001c000 	C:\windows\SYSTEM32\CRYPTBASE.dll
0x00007fff3faa0000 - 0x00007fff3fadb000 	C:\windows\SYSTEM32\IPHLPAPI.DLL
0x00007fff42f20000 - 0x00007fff42f28000 	C:\windows\System32\NSI.dll
0x00007fff34220000 - 0x00007fff34237000 	C:\windows\SYSTEM32\dhcpcsvc6.DLL
0x00007fff347c0000 - 0x00007fff347dd000 	C:\windows\SYSTEM32\dhcpcsvc.DLL
0x00007fff3fb50000 - 0x00007fff3fc1b000 	C:\windows\SYSTEM32\DNSAPI.dll

dbghelp: loaded successfully - version: 4.0.5 - missing functions: none
symbol engine: initialized successfully - sym options: 0x614 - pdb path: .;C:\Users\luni1\.p2\pool\plugins\org.eclipse.justj.openjdk.hotspot.jre.full.win32.x86_64_17.0.2.v20220201-1208\jre\bin;C:\windows\SYSTEM32;C:\windows\WinSxS\amd64_microsoft.windows.common-controls_6595b64144ccf1df_6.0.19041.1110_none_60b5254171f9507e;C:\Users\luni1\.p2\pool\plugins\org.eclipse.justj.openjdk.hotspot.jre.full.win32.x86_64_17.0.2.v20220201-1208\jre\bin\server;C:\Users\luni1\workspace\VoxelEngine\libraries\native\windows;C:\Windows\System32\DriverStore\FileRepository\iigd_dch.inf_amd64_acf450836b32b94b

VM Arguments:
jvm_args: -Xmx4096m -Djava.library.path=C:\Users\luni1\workspace\VoxelEngine\libraries\native\windows -Dfile.encoding=windows-1252 -XX:+ShowCodeDetailsInExceptionMessages 
java_command: org.VoxelTest.main.VoxelTest
java_class_path (initial): C:\Users\luni1\workspace\VoxelEngine\bin;C:\Users\luni1\workspace\VoxelEngine\libraries\jar\commons-io-2.11.0.jar;C:\Users\luni1\workspace\VoxelEngine\libraries\jar\lwjgl_util.jar;C:\Users\luni1\workspace\VoxelEngine\libraries\jar\lwjgl.jar;C:\Users\luni1\workspace\VoxelEngine\libraries\jar\PNGDecoder.jar;C:\Users\luni1\workspace\VoxelEngine\libraries\jar\slick-util.jar
Launcher Type: SUN_STANDARD

[Global flags]
     intx CICompilerCount                          = 3                                         {product} {ergonomic}
     uint ConcGCThreads                            = 1                                         {product} {ergonomic}
     uint G1ConcRefinementThreads                  = 4                                         {product} {ergonomic}
   size_t G1HeapRegionSize                         = 2097152                                   {product} {ergonomic}
    uintx GCDrainStackTargetSize                   = 64                                        {product} {ergonomic}
   size_t InitialHeapSize                          = 65011712                                  {product} {ergonomic}
   size_t MarkStackSize                            = 4194304                                   {product} {ergonomic}
   size_t MaxHeapSize                              = 4294967296                                {product} {command line}
   size_t MaxNewSize                               = 2575302656                                {product} {ergonomic}
   size_t MinHeapDeltaBytes                        = 2097152                                   {product} {ergonomic}
   size_t MinHeapSize                              = 8388608                                   {product} {ergonomic}
    uintx NonNMethodCodeHeapSize                   = 5832780                                {pd product} {ergonomic}
    uintx NonProfiledCodeHeapSize                  = 122912730                              {pd product} {ergonomic}
    uintx ProfiledCodeHeapSize                     = 122912730                              {pd product} {ergonomic}
    uintx ReservedCodeCacheSize                    = 251658240                              {pd product} {ergonomic}
     bool SegmentedCodeCache                       = true                                      {product} {ergonomic}
     bool ShowCodeDetailsInExceptionMessages       = true                                   {manageable} {command line}
   size_t SoftMaxHeapSize                          = 4294967296                             {manageable} {ergonomic}
     bool UseCompressedClassPointers               = true                           {product lp64_product} {ergonomic}
     bool UseCompressedOops                        = true                           {product lp64_product} {ergonomic}
     bool UseG1GC                                  = true                                      {product} {ergonomic}
     bool UseLargePagesIndividualAllocation        = false                                  {pd product} {ergonomic}

Logging:
Log output configuration:
 #0: stdout all=warning uptime,level,tags
 #1: stderr all=off uptime,level,tags

Environment Variables:
PATH=C:/Users/luni1/eclipse/eclipse-committers-2023-06/eclipse//plugins/org.eclipse.justj.openjdk.hotspot.jre.full.win32.x86_64_17.0.7.v20230425-1502/jre/bin/server;C:/Users/luni1/eclipse/eclipse-committers-2023-06/eclipse//plugins/org.eclipse.justj.openjdk.hotspot.jre.full.win32.x86_64_17.0.7.v20230425-1502/jre/bin;C:\Program Files (x86)\Common Files\Oracle\Java\javapath;C:\ProgramData\Oracle\Java\javapath;C:\windows\system32;C:\windows;C:\windows\System32\Wbem;C:\windows\System32\WindowsPowerShell\v1.0\;C:\windows\System32\OpenSSH\;C:\Program Files\Perforce\;D:\Git\cmd;C:\Program Files\Git\cmd;C:\Program Files\nodejs\;C:\Program Files\dotnet\;C:\mingw64\bin;C:\Users\luni1\.cargo\bin;C:\Users\luni1\AppData\Local\Programs\Python\Python310\Scripts\;C:\Users\luni1\AppData\Local\Programs\Python\Python310\;C:\Users\luni1\AppData\Local\Microsoft\WindowsApps;C:\Users\luni1\AppData\Local\Programs\Microsoft VS Code\bin;C:\Users\luni1\AppData\Local\GitHubDesktop\bin;C:\Users\luni1\.dotnet\tools;C:\Users\luni1\AppData\Roaming\npm;C:\Program Files\CMake\bin;C:\Program Files\Java\jdk1.8.0_361\bin;C:\mingw64\bin;;C:\Users\luni1\eclipse\eclipse-committers-2023-06\eclipse;
USERNAME=luni1
OS=Windows_NT
PROCESSOR_IDENTIFIER=Intel64 Family 6 Model 156 Stepping 0, GenuineIntel



---------------  S Y S T E M  ---------------

OS:
 Windows 10 , 64 bit Build 19041 (10.0.19041.2546)
OS uptime: 0 days 10:08 hours

CPU: total 4 (initial active 4) (4 cores per cpu, 1 threads per core) family 6 model 156 stepping 0 microcode 0x1d, cx8, cmov, fxsr, mmx, 3dnowpref, sse, sse2, sse3, ssse3, sse4.1, sse4.2, popcnt, tsc, tscinvbit, aes, erms, clmul, sha, clflush, clflushopt, clwb

Memory: 4k page, system-wide physical 3914M (200M free)
TotalPageFile size 7995M (AvailPageFile size 77M)
current process WorkingSet (physical memory assigned to process): 248M, peak: 248M
current process commit charge ("private bytes"): 336M, peak: 732M

vm_info: OpenJDK 64-Bit Server VM (17.0.2+8) for windows-amd64 JRE (17.0.2+8), built on Jan 20 2022 04:52:34 by "" with MS VC++ 16.7 (VS2019)

END.
